[ 2015-08-21T14:52:14+08:00 ] 127.0.0.1 /favicon.ico
INFO: [ app_init ] --START--
INFO: Run Behavior\BuildLiteBehavior [ RunTime:0.000000s ]
INFO: [ app_init ] --END-- [ RunTime:0.001000s ]
ERR: 无法加载模块:Favicon

[ 2015-08-21T14:52:14+08:00 ] 127.0.0.1 /favicon.ico
INFO: [ app_init ] --START--
INFO: Run Behavior\BuildLiteBehavior [ RunTime:0.000000s ]
INFO: [ app_init ] --END-- [ RunTime:0.001500s ]
ERR: 无法加载模块:Favicon

[ 2015-08-21T21:35:06+08:00 ] 192.168.1.100 /upload/143990773342685.jpg
INFO: [ app_init ] --START--
INFO: Run Behavior\BuildLiteBehavior [ RunTime:0.000000s ]
INFO: [ app_init ] --END-- [ RunTime:0.001500s ]
ERR: 无法加载模块:Upload

[ 2015-08-21T21:35:06+08:00 ] 192.168.1.100 /upload/143990773342685.jpg
INFO: [ app_init ] --START--
INFO: Run Behavior\BuildLiteBehavior [ RunTime:0.000000s ]
INFO: [ app_init ] --END-- [ RunTime:0.000500s ]
ERR: 无法加载模块:Upload

[ 2015-08-21T21:35:06+08:00 ] 192.168.1.100 /upload/143990773342685.jpg
INFO: [ app_init ] --START--
INFO: Run Behavior\BuildLiteBehavior [ RunTime:0.000000s ]
INFO: [ app_init ] --END-- [ RunTime:0.000500s ]
ERR: 无法加载模块:Upload

[ 2015-08-21T21:35:06+08:00 ] 192.168.1.100 /upload/143990773342685.jpg
INFO: [ app_init ] --START--
INFO: Run Behavior\BuildLiteBehavior [ RunTime:0.000000s ]
INFO: [ app_init ] --END-- [ RunTime:0.000500s ]
ERR: 无法加载模块:Upload

[ 2015-08-21T21:35:09+08:00 ] 192.168.1.100 /upload/143990773342685.jpg
INFO: [ app_init ] --START--
INFO: Run Behavior\BuildLiteBehavior [ RunTime:0.000000s ]
INFO: [ app_init ] --END-- [ RunTime:0.001001s ]
ERR: 无法加载模块:Upload

[ 2015-08-21T21:35:09+08:00 ] 192.168.1.100 /upload/143990773342685.jpg
INFO: [ app_init ] --START--
INFO: Run Behavior\BuildLiteBehavior [ RunTime:0.000000s ]
INFO: [ app_init ] --END-- [ RunTime:0.001000s ]
ERR: 无法加载模块:Upload

[ 2015-08-21T21:35:09+08:00 ] 192.168.1.100 /upload/143990773342685.jpg
INFO: [ app_init ] --START--
INFO: Run Behavior\BuildLiteBehavior [ RunTime:0.000000s ]
INFO: [ app_init ] --END-- [ RunTime:0.001000s ]
ERR: 无法加载模块:Upload

[ 2015-08-21T21:35:09+08:00 ] 192.168.1.100 /upload/143990773342685.jpg
INFO: [ app_init ] --START--
INFO: Run Behavior\BuildLiteBehavior [ RunTime:0.000000s ]
INFO: [ app_init ] --END-- [ RunTime:0.000501s ]
ERR: 无法加载模块:Upload

[ 2015-08-21T21:35:09+08:00 ] 192.168.1.100 /upload/143990773342685.jpg
INFO: [ app_init ] --START--
INFO: Run Behavior\BuildLiteBehavior [ RunTime:0.000000s ]
INFO: [ app_init ] --END-- [ RunTime:0.000500s ]
ERR: 无法加载模块:Upload

[ 2015-08-21T21:35:09+08:00 ] 192.168.1.100 /upload/143990773342685.jpg
INFO: [ app_init ] --START--
INFO: Run Behavior\BuildLiteBehavior [ RunTime:0.000000s ]
INFO: [ app_init ] --END-- [ RunTime:0.001000s ]
ERR: 无法加载模块:Upload

[ 2015-08-21T21:35:09+08:00 ] 192.168.1.100 /upload/143990773342685.jpg
INFO: [ app_init ] --START--
INFO: Run Behavior\BuildLiteBehavior [ RunTime:0.000000s ]
INFO: [ app_init ] --END-- [ RunTime:0.001000s ]
ERR: 无法加载模块:Upload

[ 2015-08-21T21:35:09+08:00 ] 192.168.1.100 /upload/143990773342685.jpg
INFO: [ app_init ] --START--
INFO: Run Behavior\BuildLiteBehavior [ RunTime:0.000000s ]
INFO: [ app_init ] --END-- [ RunTime:0.001000s ]
ERR: 无法加载模块:Upload

[ 2015-08-21T21:35:09+08:00 ] 192.168.1.100 /upload/143990773342685.jpg
INFO: [ app_init ] --START--
INFO: Run Behavior\BuildLiteBehavior [ RunTime:0.000000s ]
INFO: [ app_init ] --END-- [ RunTime:0.001000s ]
ERR: 无法加载模块:Upload

[ 2015-08-21T21:35:09+08:00 ] 192.168.1.100 /upload/143990773342685.jpg
INFO: [ app_init ] --START--
INFO: Run Behavior\BuildLiteBehavior [ RunTime:0.000000s ]
INFO: [ app_init ] --END-- [ RunTime:0.001000s ]
ERR: 无法加载模块:Upload

[ 2015-08-21T21:35:09+08:00 ] 192.168.1.100 /upload/143990773342685.jpg
INFO: [ app_init ] --START--
INFO: Run Behavior\BuildLiteBehavior [ RunTime:0.000000s ]
INFO: [ app_init ] --END-- [ RunTime:0.001000s ]
ERR: 无法加载模块:Upload

[ 2015-08-21T21:35:09+08:00 ] 192.168.1.100 /upload/143990773342685.jpg
INFO: [ app_init ] --START--
INFO: Run Behavior\BuildLiteBehavior [ RunTime:0.000000s ]
INFO: [ app_init ] --END-- [ RunTime:0.000501s ]
ERR: 无法加载模块:Upload

[ 2015-08-21T21:35:09+08:00 ] 192.168.1.100 /upload/143990773342685.jpg
INFO: [ app_init ] --START--
INFO: Run Behavior\BuildLiteBehavior [ RunTime:0.000000s ]
INFO: [ app_init ] --END-- [ RunTime:0.001000s ]
ERR: 无法加载模块:Upload

[ 2015-08-21T21:35:09+08:00 ] 192.168.1.100 /upload/143990773342685.jpg
INFO: [ app_init ] --START--
INFO: Run Behavior\BuildLiteBehavior [ RunTime:0.000000s ]
INFO: [ app_init ] --END-- [ RunTime:0.000500s ]
ERR: 无法加载模块:Upload

[ 2015-08-21T21:35:09+08:00 ] 192.168.1.100 /upload/143990773342685.jpg
INFO: [ app_init ] --START--
INFO: Run Behavior\BuildLiteBehavior [ RunTime:0.000000s ]
INFO: [ app_init ] --END-- [ RunTime:0.001000s ]
ERR: 无法加载模块:Upload

[ 2015-08-21T21:35:09+08:00 ] 192.168.1.100 /upload/143990773342685.jpg
INFO: [ app_init ] --START--
INFO: Run Behavior\BuildLiteBehavior [ RunTime:0.000000s ]
INFO: [ app_init ] --END-- [ RunTime:0.001000s ]
ERR: 无法加载模块:Upload

[ 2015-08-21T21:35:09+08:00 ] 192.168.1.100 /upload/143990773342685.jpg
INFO: [ app_init ] --START--
INFO: Run Behavior\BuildLiteBehavior [ RunTime:0.000000s ]
INFO: [ app_init ] --END-- [ RunTime:0.000500s ]
ERR: 无法加载模块:Upload

[ 2015-08-21T21:35:10+08:00 ] 192.168.1.100 /upload/143990773342685.jpg
INFO: [ app_init ] --START--
INFO: Run Behavior\BuildLiteBehavior [ RunTime:0.000000s ]
INFO: [ app_init ] --END-- [ RunTime:0.001500s ]
ERR: 无法加载模块:Upload

[ 2015-08-21T21:35:10+08:00 ] 192.168.1.100 /upload/143990773342685.jpg
INFO: [ app_init ] --START--
INFO: Run Behavior\BuildLiteBehavior [ RunTime:0.000000s ]
INFO: [ app_init ] --END-- [ RunTime:0.001501s ]
ERR: 无法加载模块:Upload

[ 2015-08-21T21:35:10+08:00 ] 192.168.1.100 /upload/143990773342685.jpg
INFO: [ app_init ] --START--
INFO: Run Behavior\BuildLiteBehavior [ RunTime:0.000000s ]
INFO: [ app_init ] --END-- [ RunTime:0.001000s ]
ERR: 无法加载模块:Upload

[ 2015-08-21T21:35:10+08:00 ] 192.168.1.100 /upload/143990773342685.jpg
INFO: [ app_init ] --START--
INFO: Run Behavior\BuildLiteBehavior [ RunTime:0.000000s ]
INFO: [ app_init ] --END-- [ RunTime:0.001000s ]
ERR: 无法加载模块:Upload

[ 2015-08-21T21:35:10+08:00 ] 192.168.1.100 /upload/143990773342685.jpg
INFO: [ app_init ] --START--
INFO: Run Behavior\BuildLiteBehavior [ RunTime:0.000000s ]
INFO: [ app_init ] --END-- [ RunTime:0.000500s ]
ERR: 无法加载模块:Upload

[ 2015-08-21T21:35:10+08:00 ] 192.168.1.100 /upload/143990773342685.jpg
INFO: [ app_init ] --START--
INFO: Run Behavior\BuildLiteBehavior [ RunTime:0.000000s ]
INFO: [ app_init ] --END-- [ RunTime:0.001000s ]
ERR: 无法加载模块:Upload

[ 2015-08-21T21:35:10+08:00 ] 192.168.1.100 /upload/143990773342685.jpg
INFO: [ app_init ] --START--
INFO: Run Behavior\BuildLiteBehavior [ RunTime:0.000000s ]
INFO: [ app_init ] --END-- [ RunTime:0.001000s ]
ERR: 无法加载模块:Upload

[ 2015-08-21T21:35:10+08:00 ] 192.168.1.100 /upload/143990773342685.jpg
INFO: [ app_init ] --START--
INFO: Run Behavior\BuildLiteBehavior [ RunTime:0.000000s ]
INFO: [ app_init ] --END-- [ RunTime:0.000500s ]
ERR: 无法加载模块:Upload

[ 2015-08-21T21:35:10+08:00 ] 192.168.1.100 /upload/143990773342685.jpg
INFO: [ app_init ] --START--
INFO: Run Behavior\BuildLiteBehavior [ RunTime:0.000000s ]
INFO: [ app_init ] --END-- [ RunTime:0.001501s ]
ERR: 无法加载模块:Upload

[ 2015-08-21T21:35:10+08:00 ] 192.168.1.100 /upload/143990773342685.jpg
INFO: [ app_init ] --START--
INFO: Run Behavior\BuildLiteBehavior [ RunTime:0.000000s ]
INFO: [ app_init ] --END-- [ RunTime:0.000500s ]
ERR: 无法加载模块:Upload

[ 2015-08-21T21:35:10+08:00 ] 192.168.1.100 /upload/143990773342685.jpg
INFO: [ app_init ] --START--
INFO: Run Behavior\BuildLiteBehavior [ RunTime:0.000000s ]
INFO: [ app_init ] --END-- [ RunTime:0.001000s ]
ERR: 无法加载模块:Upload

[ 2015-08-21T21:35:10+08:00 ] 192.168.1.100 /upload/143990773342685.jpg
INFO: [ app_init ] --START--
INFO: Run Behavior\BuildLiteBehavior [ RunTime:0.000000s ]
INFO: [ app_init ] --END-- [ RunTime:0.002000s ]
ERR: 无法加载模块:Upload

[ 2015-08-21T21:35:10+08:00 ] 192.168.1.100 /upload/143990773342685.jpg
INFO: [ app_init ] --START--
INFO: Run Behavior\BuildLiteBehavior [ RunTime:0.000000s ]
INFO: [ app_init ] --END-- [ RunTime:0.001501s ]
ERR: 无法加载模块:Upload

[ 2015-08-21T21:35:10+08:00 ] 192.168.1.100 /upload/143990773342685.jpg
INFO: [ app_init ] --START--
INFO: Run Behavior\BuildLiteBehavior [ RunTime:0.000000s ]
INFO: [ app_init ] --END-- [ RunTime:0.002501s ]
ERR: 无法加载模块:Upload

[ 2015-08-21T21:35:10+08:00 ] 192.168.1.100 /upload/143990773342685.jpg
INFO: [ app_init ] --START--
INFO: Run Behavior\BuildLiteBehavior [ RunTime:0.000000s ]
INFO: [ app_init ] --END-- [ RunTime:0.001000s ]
ERR: 无法加载模块:Upload

[ 2015-08-21T21:35:10+08:00 ] 192.168.1.100 /upload/143990773342685.jpg
INFO: [ app_init ] --START--
INFO: Run Behavior\BuildLiteBehavior [ RunTime:0.000000s ]
INFO: [ app_init ] --END-- [ RunTime:0.001001s ]
ERR: 无法加载模块:Upload

[ 2015-08-21T21:35:11+08:00 ] 192.168.1.100 /upload/143990773342685.jpg
INFO: [ app_init ] --START--
INFO: Run Behavior\BuildLiteBehavior [ RunTime:0.000000s ]
INFO: [ app_init ] --END-- [ RunTime:0.004501s ]
ERR: 无法加载模块:Upload

[ 2015-08-21T21:35:11+08:00 ] 192.168.1.100 /upload/143990773342685.jpg
INFO: [ app_init ] --START--
INFO: Run Behavior\BuildLiteBehavior [ RunTime:0.000000s ]
INFO: [ app_init ] --END-- [ RunTime:0.001001s ]
ERR: 无法加载模块:Upload

[ 2015-08-21T21:35:11+08:00 ] 192.168.1.100 /upload/143990773342685.jpg
INFO: [ app_init ] --START--
INFO: Run Behavior\BuildLiteBehavior [ RunTime:0.000000s ]
INFO: [ app_init ] --END-- [ RunTime:0.000500s ]
ERR: 无法加载模块:Upload

[ 2015-08-21T21:35:11+08:00 ] 192.168.1.100 /upload/143990773342685.jpg
INFO: [ app_init ] --START--
INFO: Run Behavior\BuildLiteBehavior [ RunTime:0.000000s ]
INFO: [ app_init ] --END-- [ RunTime:0.001000s ]
ERR: 无法加载模块:Upload

[ 2015-08-21T21:35:11+08:00 ] 192.168.1.100 /upload/143990773342685.jpg
INFO: [ app_init ] --START--
INFO: Run Behavior\BuildLiteBehavior [ RunTime:0.000000s ]
INFO: [ app_init ] --END-- [ RunTime:0.002000s ]
ERR: 无法加载模块:Upload

[ 2015-08-21T21:35:11+08:00 ] 192.168.1.100 /upload/143990773342685.jpg
INFO: [ app_init ] --START--
INFO: Run Behavior\BuildLiteBehavior [ RunTime:0.000000s ]
INFO: [ app_init ] --END-- [ RunTime:0.001000s ]
ERR: 无法加载模块:Upload

[ 2015-08-21T21:35:11+08:00 ] 192.168.1.100 /upload/143990773342685.jpg
INFO: [ app_init ] --START--
INFO: Run Behavior\BuildLiteBehavior [ RunTime:0.000000s ]
INFO: [ app_init ] --END-- [ RunTime:0.001000s ]
ERR: 无法加载模块:Upload

[ 2015-08-21T21:35:11+08:00 ] 192.168.1.100 /upload/143990773342685.jpg
INFO: [ app_init ] --START--
INFO: Run Behavior\BuildLiteBehavior [ RunTime:0.000000s ]
INFO: [ app_init ] --END-- [ RunTime:0.001000s ]
ERR: 无法加载模块:Upload

[ 2015-08-21T21:35:11+08:00 ] 192.168.1.100 /upload/143990773342685.jpg
INFO: [ app_init ] --START--
INFO: Run Behavior\BuildLiteBehavior [ RunTime:0.000000s ]
INFO: [ app_init ] --END-- [ RunTime:0.001000s ]
ERR: 无法加载模块:Upload

