[ 2015-08-16T18:44:04+08:00 ] 192.168.1.103 /apiitem/favorItem?uid=1&itemId51
INFO: [ app_init ] --START--
INFO: Run Behavior\BuildLiteBehavior [ RunTime:0.000000s ]
INFO: [ app_init ] --END-- [ RunTime:0.001500s ]
ERR: 无法加载模块:Apiitem

[ 2015-08-16T18:44:06+08:00 ] 192.168.1.103 /apiitem/favorItem?uid=1&itemId51
INFO: [ app_init ] --START--
INFO: Run Behavior\BuildLiteBehavior [ RunTime:0.000000s ]
INFO: [ app_init ] --END-- [ RunTime:0.001000s ]
ERR: 无法加载模块:Apiitem

[ 2015-08-16T18:44:07+08:00 ] 192.168.1.103 /apiitem/favorItem?uid=1&itemId51
INFO: [ app_init ] --START--
INFO: Run Behavior\BuildLiteBehavior [ RunTime:0.000000s ]
INFO: [ app_init ] --END-- [ RunTime:0.001500s ]
ERR: 无法加载模块:Apiitem

[ 2015-08-16T18:44:23+08:00 ] 192.168.1.103 /apiitem/favorItem?uid=1&itemId51
INFO: [ app_init ] --START--
INFO: Run Behavior\BuildLiteBehavior [ RunTime:0.000500s ]
INFO: [ app_init ] --END-- [ RunTime:0.001000s ]
ERR: 无法加载模块:Apiitem

[ 2015-08-16T18:44:24+08:00 ] 192.168.1.103 /apiitem/favorItem?uid=1&itemId51
INFO: [ app_init ] --START--
INFO: Run Behavior\BuildLiteBehavior [ RunTime:0.000500s ]
INFO: [ app_init ] --END-- [ RunTime:0.001000s ]
ERR: 无法加载模块:Apiitem

[ 2015-08-16T18:44:25+08:00 ] 192.168.1.103 /apiitem/favorItem?uid=1&itemId51
INFO: [ app_init ] --START--
INFO: Run Behavior\BuildLiteBehavior [ RunTime:0.000000s ]
INFO: [ app_init ] --END-- [ RunTime:0.001500s ]
ERR: 无法加载模块:Apiitem

[ 2015-08-16T18:44:25+08:00 ] 192.168.1.103 /apiitem/favorItem?uid=1&itemId51
INFO: [ app_init ] --START--
INFO: Run Behavior\BuildLiteBehavior [ RunTime:0.000000s ]
INFO: [ app_init ] --END-- [ RunTime:0.001000s ]
ERR: 无法加载模块:Apiitem

[ 2015-08-16T18:44:25+08:00 ] 192.168.1.103 /apiitem/favorItem?uid=1&itemId51
INFO: [ app_init ] --START--
INFO: Run Behavior\BuildLiteBehavior [ RunTime:0.000500s ]
INFO: [ app_init ] --END-- [ RunTime:0.001500s ]
ERR: 无法加载模块:Apiitem

[ 2015-08-16T18:44:27+08:00 ] 192.168.1.103 /apiitem/favorItem?uid=1&itemId111
INFO: [ app_init ] --START--
INFO: Run Behavior\BuildLiteBehavior [ RunTime:0.000000s ]
INFO: [ app_init ] --END-- [ RunTime:0.001000s ]
ERR: 无法加载模块:Apiitem

[ 2015-08-16T18:44:28+08:00 ] 192.168.1.103 /apiitem/favorItem?uid=1&itemId111
INFO: [ app_init ] --START--
INFO: Run Behavior\BuildLiteBehavior [ RunTime:0.000000s ]
INFO: [ app_init ] --END-- [ RunTime:0.001000s ]
ERR: 无法加载模块:Apiitem

[ 2015-08-16T18:44:28+08:00 ] 192.168.1.103 /apiitem/favorItem?uid=1&itemId111
INFO: [ app_init ] --START--
INFO: Run Behavior\BuildLiteBehavior [ RunTime:0.000000s ]
INFO: [ app_init ] --END-- [ RunTime:0.000500s ]
ERR: 无法加载模块:Apiitem

[ 2015-08-16T18:44:29+08:00 ] 192.168.1.103 /apiitem/favorItem?uid=1&itemId111
INFO: [ app_init ] --START--
INFO: Run Behavior\BuildLiteBehavior [ RunTime:0.000000s ]
INFO: [ app_init ] --END-- [ RunTime:0.001501s ]
ERR: 无法加载模块:Apiitem

[ 2015-08-16T18:44:29+08:00 ] 192.168.1.103 /apiitem/favorItem?uid=1&itemId111
INFO: [ app_init ] --START--
INFO: Run Behavior\BuildLiteBehavior [ RunTime:0.000000s ]
INFO: [ app_init ] --END-- [ RunTime:0.001000s ]
ERR: 无法加载模块:Apiitem

[ 2015-08-16T18:45:40+08:00 ] 192.168.1.103 /apiitem/favorItem?uid=1&itemId51
INFO: [ app_init ] --START--
INFO: Run Behavior\BuildLiteBehavior [ RunTime:0.000000s ]
INFO: [ app_init ] --END-- [ RunTime:0.000500s ]
ERR: 无法加载模块:Apiitem

[ 2015-08-16T18:48:01+08:00 ] 192.168.1.103 /apiitem/favorItem?uid=1&itemId51
INFO: [ app_init ] --START--
INFO: Run Behavior\BuildLiteBehavior [ RunTime:0.000000s ]
INFO: [ app_init ] --END-- [ RunTime:0.001000s ]
ERR: 无法加载模块:Apiitem

[ 2015-08-16T20:10:20+08:00 ] 127.0.0.1 /favicon.ico
INFO: [ app_init ] --START--
INFO: Run Behavior\BuildLiteBehavior [ RunTime:0.000000s ]
INFO: [ app_init ] --END-- [ RunTime:0.001001s ]
ERR: 无法加载模块:Favicon

[ 2015-08-16T20:10:20+08:00 ] 127.0.0.1 /favicon.ico
INFO: [ app_init ] --START--
INFO: Run Behavior\BuildLiteBehavior [ RunTime:0.000000s ]
INFO: [ app_init ] --END-- [ RunTime:0.001000s ]
ERR: 无法加载模块:Favicon

