[ 2015-08-09T15:22:49+08:00 ] 192.168.1.102 /admin
INFO: [ app_init ] --START--
INFO: Run Behavior\BuildLiteBehavior [ RunTime:0.000000s ]
INFO: [ app_init ] --END-- [ RunTime:0.000500s ]
INFO: [ app_begin ] --START--
INFO: Run Behavior\ReadHtmlCacheBehavior [ RunTime:0.001000s ]
INFO: [ app_begin ] --END-- [ RunTime:0.001000s ]

[ 2015-08-09T15:22:50+08:00 ] 192.168.1.102 /Admin/user/login
INFO: [ app_init ] --START--
INFO: Run Behavior\BuildLiteBehavior [ RunTime:0.000000s ]
INFO: [ app_init ] --END-- [ RunTime:0.000501s ]
INFO: [ app_begin ] --START--
INFO: Run Behavior\ReadHtmlCacheBehavior [ RunTime:0.001000s ]
INFO: [ app_begin ] --END-- [ RunTime:0.001000s ]
NOTIC: [2048] Declaration of Admin\Logic\UserLogic::delete() should be compatible with Think\Model::delete($options = Array) D:\360\www2\xianyu\Application\Admin\Logic\UserLogic.class.php 第 5 行.
NOTIC: [2048] Declaration of Admin\Logic\UserLogic::find() should be compatible with Think\Model::find($options = Array) D:\360\www2\xianyu\Application\Admin\Logic\UserLogic.class.php 第 5 行.
SQL: SHOW COLUMNS FROM `tp_user` [ RunTime:0.0115s ]
INFO: [ view_parse ] --START--
INFO: [ template_filter ] --START--
INFO: Run Behavior\ContentReplaceBehavior [ RunTime:0.000000s ]
INFO: [ template_filter ] --END-- [ RunTime:0.000000s ]
NOTIC: [8] Undefined variable: message D:\360\www2\xianyu\Runtime\Cache\Admin\1076b913512e165070eac03bb8b572df.php 第 55 行.
INFO: Run Behavior\ParseTemplateBehavior [ RunTime:0.104014s ]
INFO: [ view_parse ] --END-- [ RunTime:0.104014s ]
INFO: [ view_filter ] --START--
INFO: Run Behavior\WriteHtmlCacheBehavior [ RunTime:0.000500s ]
INFO: [ view_filter ] --END-- [ RunTime:0.000500s ]
INFO: [ app_end ] --START--
INFO: Run Behavior\ShowPageTraceBehavior [ RunTime:0.001000s ]
INFO: [ app_end ] --END-- [ RunTime:0.001000s ]

[ 2015-08-09T15:27:35+08:00 ] 192.168.1.102 /Admin/User/login
INFO: [ app_init ] --START--
INFO: Run Behavior\BuildLiteBehavior [ RunTime:0.000000s ]
INFO: [ app_init ] --END-- [ RunTime:0.000500s ]
INFO: [ app_begin ] --START--
INFO: Run Behavior\ReadHtmlCacheBehavior [ RunTime:0.001000s ]
INFO: [ app_begin ] --END-- [ RunTime:0.001500s ]
NOTIC: [2048] Declaration of Admin\Logic\UserLogic::delete() should be compatible with Think\Model::delete($options = Array) D:\360\www2\xianyu\Application\Admin\Logic\UserLogic.class.php 第 5 行.
NOTIC: [2048] Declaration of Admin\Logic\UserLogic::find() should be compatible with Think\Model::find($options = Array) D:\360\www2\xianyu\Application\Admin\Logic\UserLogic.class.php 第 5 行.
SQL: SHOW COLUMNS FROM `tp_user` [ RunTime:0.0060s ]
SQL: SHOW COLUMNS FROM `tp_user` [ RunTime:0.0055s ]
SQL: SELECT `uid`,`email`,`username` FROM `tp_user` WHERE ( `username` = '' OR `tel` = '' ) AND `password` = '' LIMIT 1   [ RunTime:0.0005s ]
INFO: [ view_parse ] --START--
INFO: [ template_filter ] --START--
INFO: Run Behavior\ContentReplaceBehavior [ RunTime:0.000000s ]
INFO: [ template_filter ] --END-- [ RunTime:0.000000s ]
INFO: Run Behavior\ParseTemplateBehavior [ RunTime:0.012502s ]
INFO: [ view_parse ] --END-- [ RunTime:0.012502s ]
INFO: [ view_filter ] --START--
INFO: Run Behavior\WriteHtmlCacheBehavior [ RunTime:0.001000s ]
INFO: [ view_filter ] --END-- [ RunTime:0.001000s ]
INFO: [ app_end ] --START--
INFO: Run Behavior\ShowPageTraceBehavior [ RunTime:0.003500s ]
INFO: [ app_end ] --END-- [ RunTime:0.004000s ]

[ 2015-08-09T15:27:36+08:00 ] 192.168.1.102 /Admin/User/login
INFO: [ app_init ] --START--
INFO: Run Behavior\BuildLiteBehavior [ RunTime:0.000000s ]
INFO: [ app_init ] --END-- [ RunTime:0.001001s ]
INFO: [ app_begin ] --START--
INFO: Run Behavior\ReadHtmlCacheBehavior [ RunTime:0.000500s ]
INFO: [ app_begin ] --END-- [ RunTime:0.001500s ]
NOTIC: [2048] Declaration of Admin\Logic\UserLogic::delete() should be compatible with Think\Model::delete($options = Array) D:\360\www2\xianyu\Application\Admin\Logic\UserLogic.class.php 第 5 行.
NOTIC: [2048] Declaration of Admin\Logic\UserLogic::find() should be compatible with Think\Model::find($options = Array) D:\360\www2\xianyu\Application\Admin\Logic\UserLogic.class.php 第 5 行.
SQL: SHOW COLUMNS FROM `tp_user` [ RunTime:0.0070s ]
SQL: SHOW COLUMNS FROM `tp_user` [ RunTime:0.0055s ]
SQL: SELECT `uid`,`email`,`username` FROM `tp_user` WHERE ( `username` = '' OR `tel` = '' ) AND `password` = '' LIMIT 1   [ RunTime:0.0010s ]
INFO: [ view_parse ] --START--
INFO: [ template_filter ] --START--
INFO: Run Behavior\ContentReplaceBehavior [ RunTime:0.000500s ]
INFO: [ template_filter ] --END-- [ RunTime:0.000500s ]
INFO: Run Behavior\ParseTemplateBehavior [ RunTime:0.012002s ]
INFO: [ view_parse ] --END-- [ RunTime:0.012002s ]
INFO: [ view_filter ] --START--
INFO: Run Behavior\WriteHtmlCacheBehavior [ RunTime:0.001000s ]
INFO: [ view_filter ] --END-- [ RunTime:0.001000s ]
INFO: [ app_end ] --START--
INFO: Run Behavior\ShowPageTraceBehavior [ RunTime:0.001000s ]
INFO: [ app_end ] --END-- [ RunTime:0.001500s ]

[ 2015-08-09T15:37:10+08:00 ] 127.0.0.1 /admin
INFO: [ app_init ] --START--
INFO: Run Behavior\BuildLiteBehavior [ RunTime:0.000000s ]
INFO: [ app_init ] --END-- [ RunTime:0.001000s ]
INFO: [ app_begin ] --START--
INFO: Run Behavior\ReadHtmlCacheBehavior [ RunTime:0.001000s ]
INFO: [ app_begin ] --END-- [ RunTime:0.001000s ]

[ 2015-08-09T15:37:10+08:00 ] 127.0.0.1 /Admin/user/login
INFO: [ app_init ] --START--
INFO: Run Behavior\BuildLiteBehavior [ RunTime:0.000500s ]
INFO: [ app_init ] --END-- [ RunTime:0.001000s ]
INFO: [ app_begin ] --START--
INFO: Run Behavior\ReadHtmlCacheBehavior [ RunTime:0.002000s ]
INFO: [ app_begin ] --END-- [ RunTime:0.002000s ]
NOTIC: [2048] Declaration of Admin\Logic\UserLogic::delete() should be compatible with Think\Model::delete($options = Array) D:\360\www2\xianyu\Application\Admin\Logic\UserLogic.class.php 第 5 行.
NOTIC: [2048] Declaration of Admin\Logic\UserLogic::find() should be compatible with Think\Model::find($options = Array) D:\360\www2\xianyu\Application\Admin\Logic\UserLogic.class.php 第 5 行.
SQL: SHOW COLUMNS FROM `tp_user` [ RunTime:0.0090s ]
INFO: [ view_parse ] --START--
INFO: [ template_filter ] --START--
INFO: Run Behavior\ContentReplaceBehavior [ RunTime:0.000000s ]
INFO: [ template_filter ] --END-- [ RunTime:0.000500s ]
NOTIC: [8] Undefined variable: message D:\360\www2\xianyu\Runtime\Cache\Admin\1076b913512e165070eac03bb8b572df.php 第 55 行.
INFO: Run Behavior\ParseTemplateBehavior [ RunTime:0.012002s ]
INFO: [ view_parse ] --END-- [ RunTime:0.012002s ]
INFO: [ view_filter ] --START--
INFO: Run Behavior\WriteHtmlCacheBehavior [ RunTime:0.000500s ]
INFO: [ view_filter ] --END-- [ RunTime:0.000500s ]
INFO: [ app_end ] --START--
INFO: Run Behavior\ShowPageTraceBehavior [ RunTime:0.001000s ]
INFO: [ app_end ] --END-- [ RunTime:0.001000s ]

[ 2015-08-09T15:37:18+08:00 ] 192.168.1.102 /Admin/user/login
INFO: [ app_init ] --START--
INFO: Run Behavior\BuildLiteBehavior [ RunTime:0.000000s ]
INFO: [ app_init ] --END-- [ RunTime:0.000500s ]
INFO: [ app_begin ] --START--
INFO: Run Behavior\ReadHtmlCacheBehavior [ RunTime:0.000500s ]
INFO: [ app_begin ] --END-- [ RunTime:0.000500s ]
NOTIC: [2048] Declaration of Admin\Logic\UserLogic::delete() should be compatible with Think\Model::delete($options = Array) D:\360\www2\xianyu\Application\Admin\Logic\UserLogic.class.php 第 5 行.
NOTIC: [2048] Declaration of Admin\Logic\UserLogic::find() should be compatible with Think\Model::find($options = Array) D:\360\www2\xianyu\Application\Admin\Logic\UserLogic.class.php 第 5 行.
SQL: SHOW COLUMNS FROM `tp_user` [ RunTime:0.0065s ]
INFO: [ view_parse ] --START--
INFO: [ template_filter ] --START--
INFO: Run Behavior\ContentReplaceBehavior [ RunTime:0.000000s ]
INFO: [ template_filter ] --END-- [ RunTime:0.000000s ]
NOTIC: [8] Undefined variable: message D:\360\www2\xianyu\Runtime\Cache\Admin\1076b913512e165070eac03bb8b572df.php 第 55 行.
INFO: Run Behavior\ParseTemplateBehavior [ RunTime:0.009502s ]
INFO: [ view_parse ] --END-- [ RunTime:0.009502s ]
INFO: [ view_filter ] --START--
INFO: Run Behavior\WriteHtmlCacheBehavior [ RunTime:0.000500s ]
INFO: [ view_filter ] --END-- [ RunTime:0.000500s ]
INFO: [ app_end ] --START--
INFO: Run Behavior\ShowPageTraceBehavior [ RunTime:0.000500s ]
INFO: [ app_end ] --END-- [ RunTime:0.001000s ]

[ 2015-08-09T15:43:44+08:00 ] 192.168.1.102 /admin
INFO: [ app_init ] --START--
INFO: Run Behavior\BuildLiteBehavior [ RunTime:0.000000s ]
INFO: [ app_init ] --END-- [ RunTime:0.001000s ]
INFO: [ app_begin ] --START--
INFO: Run Behavior\ReadHtmlCacheBehavior [ RunTime:0.001500s ]
INFO: [ app_begin ] --END-- [ RunTime:0.002500s ]

[ 2015-08-09T15:43:44+08:00 ] 192.168.1.102 /Admin/user/login
INFO: [ app_init ] --START--
INFO: Run Behavior\BuildLiteBehavior [ RunTime:0.000000s ]
INFO: [ app_init ] --END-- [ RunTime:0.001000s ]
INFO: [ app_begin ] --START--
INFO: Run Behavior\ReadHtmlCacheBehavior [ RunTime:0.001500s ]
INFO: [ app_begin ] --END-- [ RunTime:0.001500s ]
NOTIC: [2048] Declaration of Admin\Logic\UserLogic::delete() should be compatible with Think\Model::delete($options = Array) D:\360\www2\xianyu\Application\Admin\Logic\UserLogic.class.php 第 5 行.
NOTIC: [2048] Declaration of Admin\Logic\UserLogic::find() should be compatible with Think\Model::find($options = Array) D:\360\www2\xianyu\Application\Admin\Logic\UserLogic.class.php 第 5 行.
SQL: SHOW COLUMNS FROM `tp_user` [ RunTime:0.0070s ]
INFO: [ view_parse ] --START--
INFO: [ template_filter ] --START--
INFO: Run Behavior\ContentReplaceBehavior [ RunTime:0.000000s ]
INFO: [ template_filter ] --END-- [ RunTime:0.000000s ]
NOTIC: [8] Undefined variable: message D:\360\www2\xianyu\Runtime\Cache\Admin\1076b913512e165070eac03bb8b572df.php 第 55 行.
INFO: Run Behavior\ParseTemplateBehavior [ RunTime:0.015002s ]
INFO: [ view_parse ] --END-- [ RunTime:0.015002s ]
INFO: [ view_filter ] --START--
INFO: Run Behavior\WriteHtmlCacheBehavior [ RunTime:0.000500s ]
INFO: [ view_filter ] --END-- [ RunTime:0.000500s ]
INFO: [ app_end ] --START--
INFO: Run Behavior\ShowPageTraceBehavior [ RunTime:0.001001s ]
INFO: [ app_end ] --END-- [ RunTime:0.001001s ]

[ 2015-08-09T15:44:12+08:00 ] 192.168.1.102 /Admin/user/login
INFO: [ app_init ] --START--
INFO: Run Behavior\BuildLiteBehavior [ RunTime:0.000000s ]
INFO: [ app_init ] --END-- [ RunTime:0.000500s ]
INFO: [ app_begin ] --START--
INFO: Run Behavior\ReadHtmlCacheBehavior [ RunTime:0.001500s ]
INFO: [ app_begin ] --END-- [ RunTime:0.002000s ]
NOTIC: [2048] Declaration of Admin\Logic\UserLogic::delete() should be compatible with Think\Model::delete($options = Array) D:\360\www2\xianyu\Application\Admin\Logic\UserLogic.class.php 第 5 行.
NOTIC: [2048] Declaration of Admin\Logic\UserLogic::find() should be compatible with Think\Model::find($options = Array) D:\360\www2\xianyu\Application\Admin\Logic\UserLogic.class.php 第 5 行.
SQL: SHOW COLUMNS FROM `tp_user` [ RunTime:0.0060s ]
INFO: [ view_parse ] --START--
INFO: [ template_filter ] --START--
INFO: Run Behavior\ContentReplaceBehavior [ RunTime:0.000000s ]
INFO: [ template_filter ] --END-- [ RunTime:0.000500s ]
NOTIC: [8] Undefined variable: message D:\360\www2\xianyu\Runtime\Cache\Admin\1076b913512e165070eac03bb8b572df.php 第 55 行.
INFO: Run Behavior\ParseTemplateBehavior [ RunTime:0.013502s ]
INFO: [ view_parse ] --END-- [ RunTime:0.013502s ]
INFO: [ view_filter ] --START--
INFO: Run Behavior\WriteHtmlCacheBehavior [ RunTime:0.000500s ]
INFO: [ view_filter ] --END-- [ RunTime:0.000500s ]
INFO: [ app_end ] --START--
INFO: Run Behavior\ShowPageTraceBehavior [ RunTime:0.001000s ]
INFO: [ app_end ] --END-- [ RunTime:0.001000s ]

[ 2015-08-09T15:51:50+08:00 ] 127.0.0.1 /admin
INFO: [ app_init ] --START--
INFO: Run Behavior\BuildLiteBehavior [ RunTime:0.000500s ]
INFO: [ app_init ] --END-- [ RunTime:0.001000s ]
INFO: [ app_begin ] --START--
INFO: Run Behavior\ReadHtmlCacheBehavior [ RunTime:0.001001s ]
INFO: [ app_begin ] --END-- [ RunTime:0.001001s ]

[ 2015-08-09T15:51:50+08:00 ] 127.0.0.1 /Admin/user/login
INFO: [ app_init ] --START--
INFO: Run Behavior\BuildLiteBehavior [ RunTime:0.000000s ]
INFO: [ app_init ] --END-- [ RunTime:0.000500s ]
INFO: [ app_begin ] --START--
INFO: Run Behavior\ReadHtmlCacheBehavior [ RunTime:0.000500s ]
INFO: [ app_begin ] --END-- [ RunTime:0.001000s ]
NOTIC: [2048] Declaration of Admin\Logic\UserLogic::delete() should be compatible with Think\Model::delete($options = Array) D:\360\www2\xianyu\Application\Admin\Logic\UserLogic.class.php 第 5 行.
NOTIC: [2048] Declaration of Admin\Logic\UserLogic::find() should be compatible with Think\Model::find($options = Array) D:\360\www2\xianyu\Application\Admin\Logic\UserLogic.class.php 第 5 行.
SQL: SHOW COLUMNS FROM `tp_user` [ RunTime:0.0050s ]
INFO: [ view_parse ] --START--
INFO: [ template_filter ] --START--
INFO: Run Behavior\ContentReplaceBehavior [ RunTime:0.000000s ]
INFO: [ template_filter ] --END-- [ RunTime:0.000000s ]
NOTIC: [8] Undefined variable: message D:\360\www2\xianyu\Runtime\Cache\Admin\1076b913512e165070eac03bb8b572df.php 第 55 行.
INFO: Run Behavior\ParseTemplateBehavior [ RunTime:0.011001s ]
INFO: [ view_parse ] --END-- [ RunTime:0.011001s ]
INFO: [ view_filter ] --START--
INFO: Run Behavior\WriteHtmlCacheBehavior [ RunTime:0.001000s ]
INFO: [ view_filter ] --END-- [ RunTime:0.001000s ]
INFO: [ app_end ] --START--
INFO: Run Behavior\ShowPageTraceBehavior [ RunTime:0.001000s ]
INFO: [ app_end ] --END-- [ RunTime:0.001000s ]

[ 2015-08-09T15:51:55+08:00 ] 192.168.1.102 /Admin/user/login
INFO: [ app_init ] --START--
INFO: Run Behavior\BuildLiteBehavior [ RunTime:0.000000s ]
INFO: [ app_init ] --END-- [ RunTime:0.001000s ]
INFO: [ app_begin ] --START--
INFO: Run Behavior\ReadHtmlCacheBehavior [ RunTime:0.001000s ]
INFO: [ app_begin ] --END-- [ RunTime:0.001501s ]
NOTIC: [2048] Declaration of Admin\Logic\UserLogic::delete() should be compatible with Think\Model::delete($options = Array) D:\360\www2\xianyu\Application\Admin\Logic\UserLogic.class.php 第 5 行.
NOTIC: [2048] Declaration of Admin\Logic\UserLogic::find() should be compatible with Think\Model::find($options = Array) D:\360\www2\xianyu\Application\Admin\Logic\UserLogic.class.php 第 5 行.
SQL: SHOW COLUMNS FROM `tp_user` [ RunTime:0.0055s ]
INFO: [ view_parse ] --START--
INFO: [ template_filter ] --START--
INFO: Run Behavior\ContentReplaceBehavior [ RunTime:0.000000s ]
INFO: [ template_filter ] --END-- [ RunTime:0.000000s ]
NOTIC: [8] Undefined variable: message D:\360\www2\xianyu\Runtime\Cache\Admin\1076b913512e165070eac03bb8b572df.php 第 55 行.
INFO: Run Behavior\ParseTemplateBehavior [ RunTime:0.009501s ]
INFO: [ view_parse ] --END-- [ RunTime:0.009501s ]
INFO: [ view_filter ] --START--
INFO: Run Behavior\WriteHtmlCacheBehavior [ RunTime:0.001000s ]
INFO: [ view_filter ] --END-- [ RunTime:0.001000s ]
INFO: [ app_end ] --START--
INFO: Run Behavior\ShowPageTraceBehavior [ RunTime:0.001000s ]
INFO: [ app_end ] --END-- [ RunTime:0.001000s ]

