[ 2015-08-19T09:20:46+08:00 ] 127.0.0.1 /admin
INFO: [ app_init ] --START--
INFO: Run Behavior\BuildLiteBehavior [ RunTime:0.000000s ]
INFO: [ app_init ] --END-- [ RunTime:0.001000s ]
INFO: [ app_begin ] --START--
INFO: Run Behavior\ReadHtmlCacheBehavior [ RunTime:0.001000s ]
INFO: [ app_begin ] --END-- [ RunTime:0.001000s ]

[ 2015-08-19T09:20:46+08:00 ] 127.0.0.1 /Admin/user/login
INFO: [ app_init ] --START--
INFO: Run Behavior\BuildLiteBehavior [ RunTime:0.000000s ]
INFO: [ app_init ] --END-- [ RunTime:0.001000s ]
INFO: [ app_begin ] --START--
INFO: Run Behavior\ReadHtmlCacheBehavior [ RunTime:0.001000s ]
INFO: [ app_begin ] --END-- [ RunTime:0.001000s ]
NOTIC: [2048] Declaration of Admin\Logic\UserLogic::delete() should be compatible with Think\Model::delete($options = Array) D:\360\www2\xianyu\Application\Admin\Logic\UserLogic.class.php 第 5 行.
NOTIC: [2048] Declaration of Admin\Logic\UserLogic::find() should be compatible with Think\Model::find($options = Array) D:\360\www2\xianyu\Application\Admin\Logic\UserLogic.class.php 第 5 行.
SQL: SHOW COLUMNS FROM `tp_user` [ RunTime:0.0770s ]
INFO: [ view_parse ] --START--
INFO: [ template_filter ] --START--
INFO: Run Behavior\ContentReplaceBehavior [ RunTime:0.000000s ]
INFO: [ template_filter ] --END-- [ RunTime:0.000000s ]
NOTIC: [8] Undefined variable: message D:\360\www2\xianyu\Runtime\Cache\Admin\1076b913512e165070eac03bb8b572df.php 第 55 行.
INFO: Run Behavior\ParseTemplateBehavior [ RunTime:0.064003s ]
INFO: [ view_parse ] --END-- [ RunTime:0.064003s ]
INFO: [ view_filter ] --START--
INFO: Run Behavior\WriteHtmlCacheBehavior [ RunTime:0.002000s ]
INFO: [ view_filter ] --END-- [ RunTime:0.002000s ]
INFO: [ app_end ] --START--
INFO: Run Behavior\ShowPageTraceBehavior [ RunTime:0.003001s ]
INFO: [ app_end ] --END-- [ RunTime:0.003001s ]

[ 2015-08-19T09:20:48+08:00 ] 127.0.0.1 /Admin/User/login
INFO: [ app_init ] --START--
INFO: Run Behavior\BuildLiteBehavior [ RunTime:0.000000s ]
INFO: [ app_init ] --END-- [ RunTime:0.001000s ]
INFO: [ app_begin ] --START--
INFO: Run Behavior\ReadHtmlCacheBehavior [ RunTime:0.001000s ]
INFO: [ app_begin ] --END-- [ RunTime:0.001000s ]
NOTIC: [2048] Declaration of Admin\Logic\UserLogic::delete() should be compatible with Think\Model::delete($options = Array) D:\360\www2\xianyu\Application\Admin\Logic\UserLogic.class.php 第 5 行.
NOTIC: [2048] Declaration of Admin\Logic\UserLogic::find() should be compatible with Think\Model::find($options = Array) D:\360\www2\xianyu\Application\Admin\Logic\UserLogic.class.php 第 5 行.
SQL: SHOW COLUMNS FROM `tp_user` [ RunTime:0.0060s ]
SQL: SHOW COLUMNS FROM `tp_user` [ RunTime:0.0060s ]
SQL: SELECT `uid`,`tel`,`username` FROM `tp_user` WHERE ( `username` = 'admin' OR `tel` = 'admin' ) AND `password` = 'admin' LIMIT 1   [ RunTime:0.0010s ]
NOTIC: [8] Undefined index: loginTimes D:\360\www2\xianyu\Application\Admin\Logic\UserLogic.class.php 第 39 行.
SQL: UPDATE `tp_user` SET `loginTimes`='1' WHERE ( `username` = 'admin' OR `tel` = 'admin' ) [ RunTime:0.1120s ]

[ 2015-08-19T09:20:48+08:00 ] 127.0.0.1 /Admin/index/index
INFO: [ app_init ] --START--
INFO: Run Behavior\BuildLiteBehavior [ RunTime:0.000000s ]
INFO: [ app_init ] --END-- [ RunTime:0.001000s ]
INFO: [ app_begin ] --START--
INFO: Run Behavior\ReadHtmlCacheBehavior [ RunTime:0.001000s ]
INFO: [ app_begin ] --END-- [ RunTime:0.001000s ]
ERR: 非法操作:index

[ 2015-08-19T09:20:59+08:00 ] 127.0.0.1 /Admin/index/index
INFO: [ app_init ] --START--
INFO: Run Behavior\BuildLiteBehavior [ RunTime:0.000000s ]
INFO: [ app_init ] --END-- [ RunTime:0.001000s ]
INFO: [ app_begin ] --START--
INFO: Run Behavior\ReadHtmlCacheBehavior [ RunTime:0.001000s ]
INFO: [ app_begin ] --END-- [ RunTime:0.001000s ]
ERR: 非法操作:index

[ 2015-08-19T09:21:05+08:00 ] 127.0.0.1 /Admin/user/all
INFO: [ app_init ] --START--
INFO: Run Behavior\BuildLiteBehavior [ RunTime:0.000000s ]
INFO: [ app_init ] --END-- [ RunTime:0.001000s ]
INFO: [ app_begin ] --START--
INFO: Run Behavior\ReadHtmlCacheBehavior [ RunTime:0.001000s ]
INFO: [ app_begin ] --END-- [ RunTime:0.001000s ]
NOTIC: [2048] Declaration of Admin\Logic\UserLogic::delete() should be compatible with Think\Model::delete($options = Array) D:\360\www2\xianyu\Application\Admin\Logic\UserLogic.class.php 第 5 行.
NOTIC: [2048] Declaration of Admin\Logic\UserLogic::find() should be compatible with Think\Model::find($options = Array) D:\360\www2\xianyu\Application\Admin\Logic\UserLogic.class.php 第 5 行.
SQL: SHOW COLUMNS FROM `tp_user` [ RunTime:0.0070s ]

[ 2015-08-19T09:21:05+08:00 ] 127.0.0.1 /Admin/user/login
INFO: [ app_init ] --START--
INFO: Run Behavior\BuildLiteBehavior [ RunTime:0.000000s ]
INFO: [ app_init ] --END-- [ RunTime:0.000000s ]
INFO: [ app_begin ] --START--
INFO: Run Behavior\ReadHtmlCacheBehavior [ RunTime:0.001000s ]
INFO: [ app_begin ] --END-- [ RunTime:0.001000s ]
NOTIC: [2048] Declaration of Admin\Logic\UserLogic::delete() should be compatible with Think\Model::delete($options = Array) D:\360\www2\xianyu\Application\Admin\Logic\UserLogic.class.php 第 5 行.
NOTIC: [2048] Declaration of Admin\Logic\UserLogic::find() should be compatible with Think\Model::find($options = Array) D:\360\www2\xianyu\Application\Admin\Logic\UserLogic.class.php 第 5 行.
SQL: SHOW COLUMNS FROM `tp_user` [ RunTime:0.0060s ]
INFO: [ view_parse ] --START--
INFO: [ template_filter ] --START--
INFO: Run Behavior\ContentReplaceBehavior [ RunTime:0.000000s ]
INFO: [ template_filter ] --END-- [ RunTime:0.000000s ]
NOTIC: [8] Undefined variable: message D:\360\www2\xianyu\Runtime\Cache\Admin\1076b913512e165070eac03bb8b572df.php 第 55 行.
INFO: Run Behavior\ParseTemplateBehavior [ RunTime:0.011000s ]
INFO: [ view_parse ] --END-- [ RunTime:0.011000s ]
INFO: [ view_filter ] --START--
INFO: Run Behavior\WriteHtmlCacheBehavior [ RunTime:0.001000s ]
INFO: [ view_filter ] --END-- [ RunTime:0.001000s ]
INFO: [ app_end ] --START--
INFO: Run Behavior\ShowPageTraceBehavior [ RunTime:0.001000s ]
INFO: [ app_end ] --END-- [ RunTime:0.001000s ]

[ 2015-08-19T09:21:07+08:00 ] 127.0.0.1 /Admin/User/login
INFO: [ app_init ] --START--
INFO: Run Behavior\BuildLiteBehavior [ RunTime:0.000000s ]
INFO: [ app_init ] --END-- [ RunTime:0.000000s ]
INFO: [ app_begin ] --START--
INFO: Run Behavior\ReadHtmlCacheBehavior [ RunTime:0.001000s ]
INFO: [ app_begin ] --END-- [ RunTime:0.001000s ]
NOTIC: [2048] Declaration of Admin\Logic\UserLogic::delete() should be compatible with Think\Model::delete($options = Array) D:\360\www2\xianyu\Application\Admin\Logic\UserLogic.class.php 第 5 行.
NOTIC: [2048] Declaration of Admin\Logic\UserLogic::find() should be compatible with Think\Model::find($options = Array) D:\360\www2\xianyu\Application\Admin\Logic\UserLogic.class.php 第 5 行.
SQL: SHOW COLUMNS FROM `tp_user` [ RunTime:0.0050s ]
SQL: SHOW COLUMNS FROM `tp_user` [ RunTime:0.0070s ]
SQL: SELECT `uid`,`tel`,`username` FROM `tp_user` WHERE ( `username` = 'admin' OR `tel` = 'admin' ) AND `password` = 'admin' LIMIT 1   [ RunTime:0.0000s ]
NOTIC: [8] Undefined index: loginTimes D:\360\www2\xianyu\Application\Admin\Logic\UserLogic.class.php 第 39 行.
SQL: UPDATE `tp_user` SET `loginTimes`='1' WHERE ( `username` = 'admin' OR `tel` = 'admin' ) [ RunTime:0.0900s ]

[ 2015-08-19T09:21:07+08:00 ] 127.0.0.1 /Admin/index/index
INFO: [ app_init ] --START--
INFO: Run Behavior\BuildLiteBehavior [ RunTime:0.000000s ]
INFO: [ app_init ] --END-- [ RunTime:0.001000s ]
INFO: [ app_begin ] --START--
INFO: Run Behavior\ReadHtmlCacheBehavior [ RunTime:0.002000s ]
INFO: [ app_begin ] --END-- [ RunTime:0.002000s ]
ERR: 非法操作:index

[ 2015-08-19T09:21:17+08:00 ] 127.0.0.1 /Admin/item/all
INFO: [ app_init ] --START--
INFO: Run Behavior\BuildLiteBehavior [ RunTime:0.000000s ]
INFO: [ app_init ] --END-- [ RunTime:0.000000s ]
INFO: [ app_begin ] --START--
INFO: Run Behavior\ReadHtmlCacheBehavior [ RunTime:0.001000s ]
INFO: [ app_begin ] --END-- [ RunTime:0.002000s ]
NOTIC: [2048] Declaration of Admin\Logic\ItemLogic::delete() should be compatible with Think\Model::delete($options = Array) D:\360\www2\xianyu\Application\Admin\Logic\ItemLogic.class.php 第 5 行.
NOTIC: [2048] Declaration of Admin\Logic\ItemLogic::find() should be compatible with Think\Model::find($options = Array) D:\360\www2\xianyu\Application\Admin\Logic\ItemLogic.class.php 第 5 行.
SQL: SHOW COLUMNS FROM `tp_item` [ RunTime:0.0050s ]
NOTIC: [2] Missing argument 4 for Admin\Logic\ItemLogic::all(), called in D:\360\www2\xianyu\Application\Admin\Controller\ItemController.class.php on line 12 and defined D:\360\www2\xianyu\Application\Admin\Logic\ItemLogic.class.php 第 9 行.
SQL: SHOW COLUMNS FROM `tp_item` [ RunTime:0.0050s ]
SQL: SELECT COUNT(*) AS tp_count FROM `tp_item` WHERE `title` LIKE '%%' LIMIT 1   [ RunTime:0.0000s ]
SQL: SELECT `id`,`username`,`price`,`currentPrice`,`created`,`comments`,`collections`,`content`,(select 0) as flag FROM `tp_item` ORDER BY id  [ RunTime:0.0010s ]
SQL: SHOW COLUMNS FROM `tp_pic` [ RunTime:0.0050s ]
SQL: SELECT `url` FROM `tp_pic` WHERE ( itemId=51 )  [ RunTime:0.0000s ]
SQL: SELECT `url` FROM `tp_pic` WHERE ( itemId=100 )  [ RunTime:0.0010s ]
SQL: SELECT `url` FROM `tp_pic` WHERE ( itemId=111 )  [ RunTime:0.0000s ]
SQL: SELECT `url` FROM `tp_pic` WHERE ( itemId=112 )  [ RunTime:0.0010s ]
SQL: SELECT `url` FROM `tp_pic` WHERE ( itemId=175 )  [ RunTime:0.0000s ]
NOTIC: [8] Undefined index: pageBar D:\360\www2\xianyu\Application\Admin\Controller\ItemController.class.php 第 13 行.
NOTIC: [8] Undefined index: count D:\360\www2\xianyu\Application\Admin\Controller\ItemController.class.php 第 15 行.
INFO: [ view_parse ] --START--
INFO: [ template_filter ] --START--
INFO: Run Behavior\ContentReplaceBehavior [ RunTime:0.001000s ]
INFO: [ template_filter ] --END-- [ RunTime:0.001000s ]
NOTIC: [8] Undefined index: kw D:\360\www2\xianyu\Runtime\Cache\Admin\998512fefe810a0711e724b97a86868a.php 第 136 行.
NOTIC: [8] Undefined index: pic D:\360\www2\xianyu\Runtime\Cache\Admin\998512fefe810a0711e724b97a86868a.php 第 147 行.
NOTIC: [8] Undefined index: title D:\360\www2\xianyu\Runtime\Cache\Admin\998512fefe810a0711e724b97a86868a.php 第 151 行.
NOTIC: [8] Undefined index: pic D:\360\www2\xianyu\Runtime\Cache\Admin\998512fefe810a0711e724b97a86868a.php 第 147 行.
NOTIC: [8] Undefined index: title D:\360\www2\xianyu\Runtime\Cache\Admin\998512fefe810a0711e724b97a86868a.php 第 151 行.
NOTIC: [8] Undefined index: pic D:\360\www2\xianyu\Runtime\Cache\Admin\998512fefe810a0711e724b97a86868a.php 第 147 行.
NOTIC: [8] Undefined index: title D:\360\www2\xianyu\Runtime\Cache\Admin\998512fefe810a0711e724b97a86868a.php 第 151 行.
NOTIC: [8] Undefined index: pic D:\360\www2\xianyu\Runtime\Cache\Admin\998512fefe810a0711e724b97a86868a.php 第 147 行.
NOTIC: [8] Undefined index: title D:\360\www2\xianyu\Runtime\Cache\Admin\998512fefe810a0711e724b97a86868a.php 第 151 行.
NOTIC: [8] Undefined index: pic D:\360\www2\xianyu\Runtime\Cache\Admin\998512fefe810a0711e724b97a86868a.php 第 147 行.
NOTIC: [8] Undefined index: title D:\360\www2\xianyu\Runtime\Cache\Admin\998512fefe810a0711e724b97a86868a.php 第 151 行.
INFO: Run Behavior\ParseTemplateBehavior [ RunTime:0.090005s ]
INFO: [ view_parse ] --END-- [ RunTime:0.090005s ]
INFO: [ view_filter ] --START--
INFO: Run Behavior\WriteHtmlCacheBehavior [ RunTime:0.002000s ]
INFO: [ view_filter ] --END-- [ RunTime:0.003000s ]
INFO: [ app_end ] --START--
INFO: Run Behavior\ShowPageTraceBehavior [ RunTime:0.002001s ]
INFO: [ app_end ] --END-- [ RunTime:0.002001s ]

[ 2015-08-19T09:21:18+08:00 ] 127.0.0.1 /Admin/item/_200x200.jpg
INFO: [ app_init ] --START--
INFO: Run Behavior\BuildLiteBehavior [ RunTime:0.000000s ]
INFO: [ app_init ] --END-- [ RunTime:0.001000s ]

[ 2015-08-19T09:21:18+08:00 ] 127.0.0.1 /Admin/item/assets/i/favicon.png
INFO: [ app_init ] --START--
INFO: Run Behavior\BuildLiteBehavior [ RunTime:0.000000s ]
INFO: [ app_init ] --END-- [ RunTime:0.001000s ]

[ 2015-08-19T09:21:18+08:00 ] 127.0.0.1 /Admin/item/assets/i/favicon.png
INFO: [ app_init ] --START--
INFO: Run Behavior\BuildLiteBehavior [ RunTime:0.000000s ]
INFO: [ app_init ] --END-- [ RunTime:0.001000s ]

[ 2015-08-19T09:21:21+08:00 ] 127.0.0.1 /Admin/cate/all
INFO: [ app_init ] --START--
INFO: Run Behavior\BuildLiteBehavior [ RunTime:0.000000s ]
INFO: [ app_init ] --END-- [ RunTime:0.001000s ]
INFO: [ app_begin ] --START--
INFO: Run Behavior\ReadHtmlCacheBehavior [ RunTime:0.001000s ]
INFO: [ app_begin ] --END-- [ RunTime:0.001000s ]
NOTIC: [2048] Declaration of Admin\Logic\CateLogic::delete() should be compatible with Think\Model::delete($options = Array) D:\360\www2\xianyu\Application\Admin\Logic\CateLogic.class.php 第 4 行.
NOTIC: [2048] Declaration of Admin\Logic\CateLogic::find() should be compatible with Think\Model::find($options = Array) D:\360\www2\xianyu\Application\Admin\Logic\CateLogic.class.php 第 4 行.
SQL: SHOW COLUMNS FROM `tp_cate` [ RunTime:0.0700s ]
SQL: SHOW COLUMNS FROM `tp_cate` [ RunTime:0.0100s ]
SQL: SELECT * FROM `tp_cate` WHERE ( tid=0 )  [ RunTime:0.0010s ]
SQL: SELECT * FROM `tp_cate` WHERE ( tid=1 )  [ RunTime:0.0010s ]
NOTIC: [8] Undefined variable: count D:\360\www2\xianyu\Application\Admin\Logic\CateLogic.class.php 第 18 行.
SQL: SELECT * FROM `tp_cate` WHERE ( tid=2 )  [ RunTime:0.0010s ]
SQL: SELECT * FROM `tp_cate` WHERE ( tid=3 )  [ RunTime:0.0010s ]
SQL: SELECT * FROM `tp_cate` WHERE ( tid=17 )  [ RunTime:0.0010s ]
INFO: [ view_parse ] --START--
INFO: [ template_filter ] --START--
INFO: Run Behavior\ContentReplaceBehavior [ RunTime:0.000000s ]
INFO: [ template_filter ] --END-- [ RunTime:0.000000s ]
NOTIC: [8] Undefined variable: pageBar D:\360\www2\xianyu\Runtime\Cache\Admin\03307506721e8bbfb8d5fcfe621c1fe3.php 第 165 行.
INFO: Run Behavior\ParseTemplateBehavior [ RunTime:0.044003s ]
INFO: [ view_parse ] --END-- [ RunTime:0.044003s ]
INFO: [ view_filter ] --START--
INFO: Run Behavior\WriteHtmlCacheBehavior [ RunTime:0.001000s ]
INFO: [ view_filter ] --END-- [ RunTime:0.001000s ]
INFO: [ app_end ] --START--
INFO: Run Behavior\ShowPageTraceBehavior [ RunTime:0.002000s ]
INFO: [ app_end ] --END-- [ RunTime:0.002000s ]

[ 2015-08-19T09:21:22+08:00 ] 127.0.0.1 /Admin/cate/assets/i/favicon.png
INFO: [ app_init ] --START--
INFO: Run Behavior\BuildLiteBehavior [ RunTime:0.000000s ]
INFO: [ app_init ] --END-- [ RunTime:0.001000s ]

[ 2015-08-19T09:21:22+08:00 ] 127.0.0.1 /Admin/cate/assets/i/favicon.png
INFO: [ app_init ] --START--
INFO: Run Behavior\BuildLiteBehavior [ RunTime:0.000000s ]
INFO: [ app_init ] --END-- [ RunTime:0.000000s ]

[ 2015-08-19T09:21:24+08:00 ] 127.0.0.1 /Admin/user/all
INFO: [ app_init ] --START--
INFO: Run Behavior\BuildLiteBehavior [ RunTime:0.000000s ]
INFO: [ app_init ] --END-- [ RunTime:0.001000s ]
INFO: [ app_begin ] --START--
INFO: Run Behavior\ReadHtmlCacheBehavior [ RunTime:0.001000s ]
INFO: [ app_begin ] --END-- [ RunTime:0.001000s ]
NOTIC: [2048] Declaration of Admin\Logic\UserLogic::delete() should be compatible with Think\Model::delete($options = Array) D:\360\www2\xianyu\Application\Admin\Logic\UserLogic.class.php 第 5 行.
NOTIC: [2048] Declaration of Admin\Logic\UserLogic::find() should be compatible with Think\Model::find($options = Array) D:\360\www2\xianyu\Application\Admin\Logic\UserLogic.class.php 第 5 行.
SQL: SHOW COLUMNS FROM `tp_user` [ RunTime:0.0060s ]

[ 2015-08-19T09:21:24+08:00 ] 127.0.0.1 /Admin/user/login
INFO: [ app_init ] --START--
INFO: Run Behavior\BuildLiteBehavior [ RunTime:0.000000s ]
INFO: [ app_init ] --END-- [ RunTime:0.001000s ]
INFO: [ app_begin ] --START--
INFO: Run Behavior\ReadHtmlCacheBehavior [ RunTime:0.001000s ]
INFO: [ app_begin ] --END-- [ RunTime:0.001000s ]
NOTIC: [2048] Declaration of Admin\Logic\UserLogic::delete() should be compatible with Think\Model::delete($options = Array) D:\360\www2\xianyu\Application\Admin\Logic\UserLogic.class.php 第 5 行.
NOTIC: [2048] Declaration of Admin\Logic\UserLogic::find() should be compatible with Think\Model::find($options = Array) D:\360\www2\xianyu\Application\Admin\Logic\UserLogic.class.php 第 5 行.
SQL: SHOW COLUMNS FROM `tp_user` [ RunTime:0.0050s ]
INFO: [ view_parse ] --START--
INFO: [ template_filter ] --START--
INFO: Run Behavior\ContentReplaceBehavior [ RunTime:0.000000s ]
INFO: [ template_filter ] --END-- [ RunTime:0.001000s ]
NOTIC: [8] Undefined variable: message D:\360\www2\xianyu\Runtime\Cache\Admin\1076b913512e165070eac03bb8b572df.php 第 55 行.
INFO: Run Behavior\ParseTemplateBehavior [ RunTime:0.010001s ]
INFO: [ view_parse ] --END-- [ RunTime:0.010001s ]
INFO: [ view_filter ] --START--
INFO: Run Behavior\WriteHtmlCacheBehavior [ RunTime:0.001000s ]
INFO: [ view_filter ] --END-- [ RunTime:0.001000s ]
INFO: [ app_end ] --START--
INFO: Run Behavior\ShowPageTraceBehavior [ RunTime:0.001000s ]
INFO: [ app_end ] --END-- [ RunTime:0.001000s ]

[ 2015-08-19T09:21:45+08:00 ] 127.0.0.1 /Admin/user/all
INFO: [ app_init ] --START--
INFO: Run Behavior\BuildLiteBehavior [ RunTime:0.000000s ]
INFO: [ app_init ] --END-- [ RunTime:0.001000s ]
INFO: [ app_begin ] --START--
INFO: Run Behavior\ReadHtmlCacheBehavior [ RunTime:0.000000s ]
INFO: [ app_begin ] --END-- [ RunTime:0.001000s ]
NOTIC: [2048] Declaration of Admin\Logic\UserLogic::delete() should be compatible with Think\Model::delete($options = Array) D:\360\www2\xianyu\Application\Admin\Logic\UserLogic.class.php 第 5 行.
NOTIC: [2048] Declaration of Admin\Logic\UserLogic::find() should be compatible with Think\Model::find($options = Array) D:\360\www2\xianyu\Application\Admin\Logic\UserLogic.class.php 第 5 行.
SQL: SHOW COLUMNS FROM `tp_user` [ RunTime:0.0050s ]
SQL: SHOW COLUMNS FROM `tp_user` [ RunTime:0.0050s ]
SQL: SELECT COUNT(*) AS tp_count FROM `tp_user` WHERE `username` LIKE '%%' OR `email` LIKE '%%' LIMIT 1   [ RunTime:0.0000s ]
SQL: SELECT * FROM `tp_user` WHERE `username` LIKE '%%' OR `email` LIKE '%%' ORDER BY uid LIMIT 0,10   [ RunTime:0.0010s ]
INFO: [ view_parse ] --START--
INFO: [ template_filter ] --START--
INFO: Run Behavior\ContentReplaceBehavior [ RunTime:0.000000s ]
INFO: [ template_filter ] --END-- [ RunTime:0.000000s ]
NOTIC: [8] Undefined index: kw D:\360\www2\xianyu\Runtime\Cache\Admin\0d5030ca00a51e5dfaa190eb9bea29ef.php 第 114 行.
INFO: Run Behavior\ParseTemplateBehavior [ RunTime:0.054003s ]
INFO: [ view_parse ] --END-- [ RunTime:0.055003s ]
INFO: [ view_filter ] --START--
INFO: Run Behavior\WriteHtmlCacheBehavior [ RunTime:0.002000s ]
INFO: [ view_filter ] --END-- [ RunTime:0.002000s ]
INFO: [ app_end ] --START--
INFO: Run Behavior\ShowPageTraceBehavior [ RunTime:0.002000s ]
INFO: [ app_end ] --END-- [ RunTime:0.002000s ]

[ 2015-08-19T09:21:46+08:00 ] 127.0.0.1 /Admin/user/assets/i/favicon.png
INFO: [ app_init ] --START--
INFO: Run Behavior\BuildLiteBehavior [ RunTime:0.000000s ]
INFO: [ app_init ] --END-- [ RunTime:0.001000s ]

[ 2015-08-19T09:21:46+08:00 ] 127.0.0.1 /Admin/user/assets/i/favicon.png
INFO: [ app_init ] --START--
INFO: Run Behavior\BuildLiteBehavior [ RunTime:0.000000s ]
INFO: [ app_init ] --END-- [ RunTime:0.001000s ]

[ 2015-08-19T09:21:46+08:00 ] 127.0.0.1 /Admin/cate/all
INFO: [ app_init ] --START--
INFO: Run Behavior\BuildLiteBehavior [ RunTime:0.000000s ]
INFO: [ app_init ] --END-- [ RunTime:0.000000s ]
INFO: [ app_begin ] --START--
INFO: Run Behavior\ReadHtmlCacheBehavior [ RunTime:0.000000s ]
INFO: [ app_begin ] --END-- [ RunTime:0.001000s ]
NOTIC: [2048] Declaration of Admin\Logic\CateLogic::delete() should be compatible with Think\Model::delete($options = Array) D:\360\www2\xianyu\Application\Admin\Logic\CateLogic.class.php 第 4 行.
NOTIC: [2048] Declaration of Admin\Logic\CateLogic::find() should be compatible with Think\Model::find($options = Array) D:\360\www2\xianyu\Application\Admin\Logic\CateLogic.class.php 第 4 行.
SQL: SHOW COLUMNS FROM `tp_cate` [ RunTime:0.0050s ]
SQL: SHOW COLUMNS FROM `tp_cate` [ RunTime:0.0050s ]
SQL: SELECT * FROM `tp_cate` WHERE ( tid=0 )  [ RunTime:0.0000s ]
SQL: SELECT * FROM `tp_cate` WHERE ( tid=1 )  [ RunTime:0.0010s ]
NOTIC: [8] Undefined variable: count D:\360\www2\xianyu\Application\Admin\Logic\CateLogic.class.php 第 18 行.
SQL: SELECT * FROM `tp_cate` WHERE ( tid=2 )  [ RunTime:0.0000s ]
SQL: SELECT * FROM `tp_cate` WHERE ( tid=3 )  [ RunTime:0.0000s ]
SQL: SELECT * FROM `tp_cate` WHERE ( tid=17 )  [ RunTime:0.0010s ]
INFO: [ view_parse ] --START--
INFO: [ template_filter ] --START--
INFO: Run Behavior\ContentReplaceBehavior [ RunTime:0.000000s ]
INFO: [ template_filter ] --END-- [ RunTime:0.000000s ]
NOTIC: [8] Undefined variable: pageBar D:\360\www2\xianyu\Runtime\Cache\Admin\03307506721e8bbfb8d5fcfe621c1fe3.php 第 165 行.
INFO: Run Behavior\ParseTemplateBehavior [ RunTime:0.022001s ]
INFO: [ view_parse ] --END-- [ RunTime:0.022001s ]
INFO: [ view_filter ] --START--
INFO: Run Behavior\WriteHtmlCacheBehavior [ RunTime:0.000000s ]
INFO: [ view_filter ] --END-- [ RunTime:0.001000s ]
INFO: [ app_end ] --START--
INFO: Run Behavior\ShowPageTraceBehavior [ RunTime:0.001000s ]
INFO: [ app_end ] --END-- [ RunTime:0.001000s ]

[ 2015-08-19T09:21:47+08:00 ] 127.0.0.1 /Admin/user/all
INFO: [ app_init ] --START--
INFO: Run Behavior\BuildLiteBehavior [ RunTime:0.000000s ]
INFO: [ app_init ] --END-- [ RunTime:0.001000s ]
INFO: [ app_begin ] --START--
INFO: Run Behavior\ReadHtmlCacheBehavior [ RunTime:0.001000s ]
INFO: [ app_begin ] --END-- [ RunTime:0.001000s ]
NOTIC: [2048] Declaration of Admin\Logic\UserLogic::delete() should be compatible with Think\Model::delete($options = Array) D:\360\www2\xianyu\Application\Admin\Logic\UserLogic.class.php 第 5 行.
NOTIC: [2048] Declaration of Admin\Logic\UserLogic::find() should be compatible with Think\Model::find($options = Array) D:\360\www2\xianyu\Application\Admin\Logic\UserLogic.class.php 第 5 行.
SQL: SHOW COLUMNS FROM `tp_user` [ RunTime:0.0070s ]
SQL: SHOW COLUMNS FROM `tp_user` [ RunTime:0.0060s ]
SQL: SELECT COUNT(*) AS tp_count FROM `tp_user` WHERE `username` LIKE '%%' OR `email` LIKE '%%' LIMIT 1   [ RunTime:0.0010s ]
SQL: SELECT * FROM `tp_user` WHERE `username` LIKE '%%' OR `email` LIKE '%%' ORDER BY uid LIMIT 0,10   [ RunTime:0.0000s ]
INFO: [ view_parse ] --START--
INFO: [ template_filter ] --START--
INFO: Run Behavior\ContentReplaceBehavior [ RunTime:0.000000s ]
INFO: [ template_filter ] --END-- [ RunTime:0.001000s ]
NOTIC: [8] Undefined index: kw D:\360\www2\xianyu\Runtime\Cache\Admin\0d5030ca00a51e5dfaa190eb9bea29ef.php 第 114 行.
INFO: Run Behavior\ParseTemplateBehavior [ RunTime:0.019001s ]
INFO: [ view_parse ] --END-- [ RunTime:0.019001s ]
INFO: [ view_filter ] --START--
INFO: Run Behavior\WriteHtmlCacheBehavior [ RunTime:0.001001s ]
INFO: [ view_filter ] --END-- [ RunTime:0.001001s ]
INFO: [ app_end ] --START--
INFO: Run Behavior\ShowPageTraceBehavior [ RunTime:0.001000s ]
INFO: [ app_end ] --END-- [ RunTime:0.002000s ]

[ 2015-08-19T09:21:49+08:00 ] 127.0.0.1 /Admin/item/all
INFO: [ app_init ] --START--
INFO: Run Behavior\BuildLiteBehavior [ RunTime:0.000000s ]
INFO: [ app_init ] --END-- [ RunTime:0.001000s ]
INFO: [ app_begin ] --START--
INFO: Run Behavior\ReadHtmlCacheBehavior [ RunTime:0.001000s ]
INFO: [ app_begin ] --END-- [ RunTime:0.001000s ]
NOTIC: [2048] Declaration of Admin\Logic\ItemLogic::delete() should be compatible with Think\Model::delete($options = Array) D:\360\www2\xianyu\Application\Admin\Logic\ItemLogic.class.php 第 5 行.
NOTIC: [2048] Declaration of Admin\Logic\ItemLogic::find() should be compatible with Think\Model::find($options = Array) D:\360\www2\xianyu\Application\Admin\Logic\ItemLogic.class.php 第 5 行.
SQL: SHOW COLUMNS FROM `tp_item` [ RunTime:0.0060s ]
NOTIC: [2] Missing argument 4 for Admin\Logic\ItemLogic::all(), called in D:\360\www2\xianyu\Application\Admin\Controller\ItemController.class.php on line 12 and defined D:\360\www2\xianyu\Application\Admin\Logic\ItemLogic.class.php 第 9 行.
SQL: SHOW COLUMNS FROM `tp_item` [ RunTime:0.0050s ]
SQL: SELECT COUNT(*) AS tp_count FROM `tp_item` WHERE `title` LIKE '%%' LIMIT 1   [ RunTime:0.0000s ]
SQL: SELECT `id`,`username`,`price`,`currentPrice`,`created`,`comments`,`collections`,`content`,(select 0) as flag FROM `tp_item` ORDER BY id  [ RunTime:0.0010s ]
SQL: SHOW COLUMNS FROM `tp_pic` [ RunTime:0.0050s ]
SQL: SELECT `url` FROM `tp_pic` WHERE ( itemId=51 )  [ RunTime:0.0010s ]
SQL: SELECT `url` FROM `tp_pic` WHERE ( itemId=100 )  [ RunTime:0.0010s ]
SQL: SELECT `url` FROM `tp_pic` WHERE ( itemId=111 )  [ RunTime:0.0000s ]
SQL: SELECT `url` FROM `tp_pic` WHERE ( itemId=112 )  [ RunTime:0.0000s ]
SQL: SELECT `url` FROM `tp_pic` WHERE ( itemId=175 )  [ RunTime:0.0010s ]
NOTIC: [8] Undefined index: pageBar D:\360\www2\xianyu\Application\Admin\Controller\ItemController.class.php 第 13 行.
NOTIC: [8] Undefined index: count D:\360\www2\xianyu\Application\Admin\Controller\ItemController.class.php 第 15 行.
INFO: [ view_parse ] --START--
INFO: [ template_filter ] --START--
INFO: Run Behavior\ContentReplaceBehavior [ RunTime:0.000000s ]
INFO: [ template_filter ] --END-- [ RunTime:0.001000s ]
NOTIC: [8] Undefined index: kw D:\360\www2\xianyu\Runtime\Cache\Admin\998512fefe810a0711e724b97a86868a.php 第 136 行.
NOTIC: [8] Undefined index: pic D:\360\www2\xianyu\Runtime\Cache\Admin\998512fefe810a0711e724b97a86868a.php 第 147 行.
NOTIC: [8] Undefined index: title D:\360\www2\xianyu\Runtime\Cache\Admin\998512fefe810a0711e724b97a86868a.php 第 151 行.
NOTIC: [8] Undefined index: pic D:\360\www2\xianyu\Runtime\Cache\Admin\998512fefe810a0711e724b97a86868a.php 第 147 行.
NOTIC: [8] Undefined index: title D:\360\www2\xianyu\Runtime\Cache\Admin\998512fefe810a0711e724b97a86868a.php 第 151 行.
NOTIC: [8] Undefined index: pic D:\360\www2\xianyu\Runtime\Cache\Admin\998512fefe810a0711e724b97a86868a.php 第 147 行.
NOTIC: [8] Undefined index: title D:\360\www2\xianyu\Runtime\Cache\Admin\998512fefe810a0711e724b97a86868a.php 第 151 行.
NOTIC: [8] Undefined index: pic D:\360\www2\xianyu\Runtime\Cache\Admin\998512fefe810a0711e724b97a86868a.php 第 147 行.
NOTIC: [8] Undefined index: title D:\360\www2\xianyu\Runtime\Cache\Admin\998512fefe810a0711e724b97a86868a.php 第 151 行.
NOTIC: [8] Undefined index: pic D:\360\www2\xianyu\Runtime\Cache\Admin\998512fefe810a0711e724b97a86868a.php 第 147 行.
NOTIC: [8] Undefined index: title D:\360\www2\xianyu\Runtime\Cache\Admin\998512fefe810a0711e724b97a86868a.php 第 151 行.
INFO: Run Behavior\ParseTemplateBehavior [ RunTime:0.017001s ]
INFO: [ view_parse ] --END-- [ RunTime:0.017001s ]
INFO: [ view_filter ] --START--
INFO: Run Behavior\WriteHtmlCacheBehavior [ RunTime:0.001000s ]
INFO: [ view_filter ] --END-- [ RunTime:0.001000s ]
INFO: [ app_end ] --START--
INFO: Run Behavior\ShowPageTraceBehavior [ RunTime:0.002001s ]
INFO: [ app_end ] --END-- [ RunTime:0.002001s ]

[ 2015-08-19T09:21:49+08:00 ] 127.0.0.1 /Admin/item/_200x200.jpg
INFO: [ app_init ] --START--
INFO: Run Behavior\BuildLiteBehavior [ RunTime:0.000000s ]
INFO: [ app_init ] --END-- [ RunTime:0.001000s ]

[ 2015-08-19T09:21:49+08:00 ] 127.0.0.1 /Admin/item/_200x200.jpg
INFO: [ app_init ] --START--
INFO: Run Behavior\BuildLiteBehavior [ RunTime:0.000000s ]
INFO: [ app_init ] --END-- [ RunTime:0.001000s ]

[ 2015-08-19T09:21:53+08:00 ] 127.0.0.1 /Admin/cate/all
INFO: [ app_init ] --START--
INFO: Run Behavior\BuildLiteBehavior [ RunTime:0.000000s ]
INFO: [ app_init ] --END-- [ RunTime:0.001000s ]
INFO: [ app_begin ] --START--
INFO: Run Behavior\ReadHtmlCacheBehavior [ RunTime:0.001000s ]
INFO: [ app_begin ] --END-- [ RunTime:0.001000s ]
NOTIC: [2048] Declaration of Admin\Logic\CateLogic::delete() should be compatible with Think\Model::delete($options = Array) D:\360\www2\xianyu\Application\Admin\Logic\CateLogic.class.php 第 4 行.
NOTIC: [2048] Declaration of Admin\Logic\CateLogic::find() should be compatible with Think\Model::find($options = Array) D:\360\www2\xianyu\Application\Admin\Logic\CateLogic.class.php 第 4 行.
SQL: SHOW COLUMNS FROM `tp_cate` [ RunTime:0.0060s ]
SQL: SHOW COLUMNS FROM `tp_cate` [ RunTime:0.0050s ]
SQL: SELECT * FROM `tp_cate` WHERE ( tid=0 )  [ RunTime:0.0010s ]
SQL: SELECT * FROM `tp_cate` WHERE ( tid=1 )  [ RunTime:0.0010s ]
NOTIC: [8] Undefined variable: count D:\360\www2\xianyu\Application\Admin\Logic\CateLogic.class.php 第 18 行.
SQL: SELECT * FROM `tp_cate` WHERE ( tid=2 )  [ RunTime:0.0010s ]
SQL: SELECT * FROM `tp_cate` WHERE ( tid=3 )  [ RunTime:0.0000s ]
SQL: SELECT * FROM `tp_cate` WHERE ( tid=17 )  [ RunTime:0.0010s ]
INFO: [ view_parse ] --START--
INFO: [ template_filter ] --START--
INFO: Run Behavior\ContentReplaceBehavior [ RunTime:0.000000s ]
INFO: [ template_filter ] --END-- [ RunTime:0.001000s ]
NOTIC: [8] Undefined variable: pageBar D:\360\www2\xianyu\Runtime\Cache\Admin\03307506721e8bbfb8d5fcfe621c1fe3.php 第 165 行.
INFO: Run Behavior\ParseTemplateBehavior [ RunTime:0.022001s ]
INFO: [ view_parse ] --END-- [ RunTime:0.022001s ]
INFO: [ view_filter ] --START--
INFO: Run Behavior\WriteHtmlCacheBehavior [ RunTime:0.000000s ]
INFO: [ view_filter ] --END-- [ RunTime:0.000000s ]
INFO: [ app_end ] --START--
INFO: Run Behavior\ShowPageTraceBehavior [ RunTime:0.001000s ]
INFO: [ app_end ] --END-- [ RunTime:0.001000s ]

[ 2015-08-19T09:55:33+08:00 ] 127.0.0.1 /admin
INFO: [ app_init ] --START--
INFO: Run Behavior\BuildLiteBehavior [ RunTime:0.000000s ]
INFO: [ app_init ] --END-- [ RunTime:0.000500s ]
INFO: [ app_begin ] --START--
INFO: Run Behavior\ReadHtmlCacheBehavior [ RunTime:0.001500s ]
INFO: [ app_begin ] --END-- [ RunTime:0.001500s ]

[ 2015-08-19T09:55:33+08:00 ] 127.0.0.1 /Admin/user/login
INFO: [ app_init ] --START--
INFO: Run Behavior\BuildLiteBehavior [ RunTime:0.000000s ]
INFO: [ app_init ] --END-- [ RunTime:0.001000s ]
INFO: [ app_begin ] --START--
INFO: Run Behavior\ReadHtmlCacheBehavior [ RunTime:0.001000s ]
INFO: [ app_begin ] --END-- [ RunTime:0.001000s ]
NOTIC: [2048] Declaration of Admin\Logic\UserLogic::delete() should be compatible with Think\Model::delete($options = Array) D:\360\www2\xianyu\Application\Admin\Logic\UserLogic.class.php 第 5 行.
NOTIC: [2048] Declaration of Admin\Logic\UserLogic::find() should be compatible with Think\Model::find($options = Array) D:\360\www2\xianyu\Application\Admin\Logic\UserLogic.class.php 第 5 行.
SQL: SHOW COLUMNS FROM `tp_user` [ RunTime:0.0060s ]
INFO: [ view_parse ] --START--
INFO: [ template_filter ] --START--
INFO: Run Behavior\ContentReplaceBehavior [ RunTime:0.000000s ]
INFO: [ template_filter ] --END-- [ RunTime:0.000000s ]
NOTIC: [8] Undefined variable: message D:\360\www2\xianyu\Runtime\Cache\Admin\1076b913512e165070eac03bb8b572df.php 第 55 行.
INFO: Run Behavior\ParseTemplateBehavior [ RunTime:0.011002s ]
INFO: [ view_parse ] --END-- [ RunTime:0.011002s ]
INFO: [ view_filter ] --START--
INFO: Run Behavior\WriteHtmlCacheBehavior [ RunTime:0.001000s ]
INFO: [ view_filter ] --END-- [ RunTime:0.001000s ]
INFO: [ app_end ] --START--
INFO: Run Behavior\ShowPageTraceBehavior [ RunTime:0.001500s ]
INFO: [ app_end ] --END-- [ RunTime:0.001500s ]

[ 2015-08-19T09:55:35+08:00 ] 127.0.0.1 /Admin/User/login
INFO: [ app_init ] --START--
INFO: Run Behavior\BuildLiteBehavior [ RunTime:0.000000s ]
INFO: [ app_init ] --END-- [ RunTime:0.000500s ]
INFO: [ app_begin ] --START--
INFO: Run Behavior\ReadHtmlCacheBehavior [ RunTime:0.001500s ]
INFO: [ app_begin ] --END-- [ RunTime:0.001500s ]
NOTIC: [2048] Declaration of Admin\Logic\UserLogic::delete() should be compatible with Think\Model::delete($options = Array) D:\360\www2\xianyu\Application\Admin\Logic\UserLogic.class.php 第 5 行.
NOTIC: [2048] Declaration of Admin\Logic\UserLogic::find() should be compatible with Think\Model::find($options = Array) D:\360\www2\xianyu\Application\Admin\Logic\UserLogic.class.php 第 5 行.
SQL: SHOW COLUMNS FROM `tp_user` [ RunTime:0.0060s ]
SQL: SHOW COLUMNS FROM `tp_user` [ RunTime:0.0055s ]
SQL: SELECT `uid`,`tel`,`username` FROM `tp_user` WHERE ( `username` = 'admin' OR `tel` = 'admin' ) AND `password` = 'admin' LIMIT 1   [ RunTime:0.0005s ]
NOTIC: [8] Undefined index: loginTimes D:\360\www2\xianyu\Application\Admin\Logic\UserLogic.class.php 第 39 行.
SQL: UPDATE `tp_user` SET `loginTimes`='1' WHERE ( `username` = 'admin' OR `tel` = 'admin' ) [ RunTime:0.1215s ]

[ 2015-08-19T09:55:35+08:00 ] 127.0.0.1 /Admin/index/index
INFO: [ app_init ] --START--
INFO: Run Behavior\BuildLiteBehavior [ RunTime:0.000000s ]
INFO: [ app_init ] --END-- [ RunTime:0.001000s ]
INFO: [ app_begin ] --START--
INFO: Run Behavior\ReadHtmlCacheBehavior [ RunTime:0.001000s ]
INFO: [ app_begin ] --END-- [ RunTime:0.001500s ]
ERR: 非法操作:index

[ 2015-08-19T09:55:43+08:00 ] 127.0.0.1 /Admin/cate/all
INFO: [ app_init ] --START--
INFO: Run Behavior\BuildLiteBehavior [ RunTime:0.000000s ]
INFO: [ app_init ] --END-- [ RunTime:0.000500s ]
INFO: [ app_begin ] --START--
INFO: Run Behavior\ReadHtmlCacheBehavior [ RunTime:0.001000s ]
INFO: [ app_begin ] --END-- [ RunTime:0.001000s ]
NOTIC: [2048] Declaration of Admin\Logic\CateLogic::delete() should be compatible with Think\Model::delete($options = Array) D:\360\www2\xianyu\Application\Admin\Logic\CateLogic.class.php 第 4 行.
NOTIC: [2048] Declaration of Admin\Logic\CateLogic::find() should be compatible with Think\Model::find($options = Array) D:\360\www2\xianyu\Application\Admin\Logic\CateLogic.class.php 第 4 行.
SQL: SHOW COLUMNS FROM `tp_cate` [ RunTime:0.0050s ]
SQL: SHOW COLUMNS FROM `tp_cate` [ RunTime:0.0055s ]
SQL: SELECT * FROM `tp_cate` WHERE ( tid=0 )  [ RunTime:0.0010s ]
SQL: SELECT * FROM `tp_cate` WHERE ( tid=1 )  [ RunTime:0.0005s ]
NOTIC: [8] Undefined variable: count D:\360\www2\xianyu\Application\Admin\Logic\CateLogic.class.php 第 18 行.
SQL: SELECT * FROM `tp_cate` WHERE ( tid=2 )  [ RunTime:0.0005s ]
SQL: SELECT * FROM `tp_cate` WHERE ( tid=3 )  [ RunTime:0.0005s ]
SQL: SELECT * FROM `tp_cate` WHERE ( tid=5 )  [ RunTime:0.0005s ]
SQL: SELECT * FROM `tp_cate` WHERE ( tid=9 )  [ RunTime:0.0010s ]
SQL: SELECT * FROM `tp_cate` WHERE ( tid=10 )  [ RunTime:0.0005s ]
SQL: SELECT * FROM `tp_cate` WHERE ( tid=17 )  [ RunTime:0.0005s ]
SQL: SELECT * FROM `tp_cate` WHERE ( tid=31 )  [ RunTime:0.0005s ]
INFO: [ view_parse ] --START--
INFO: [ template_filter ] --START--
INFO: Run Behavior\ContentReplaceBehavior [ RunTime:0.000500s ]
INFO: [ template_filter ] --END-- [ RunTime:0.000500s ]
NOTIC: [8] Undefined variable: pageBar D:\360\www2\xianyu\Runtime\Cache\Admin\03307506721e8bbfb8d5fcfe621c1fe3.php 第 165 行.
INFO: Run Behavior\ParseTemplateBehavior [ RunTime:0.022002s ]
INFO: [ view_parse ] --END-- [ RunTime:0.022002s ]
INFO: [ view_filter ] --START--
INFO: Run Behavior\WriteHtmlCacheBehavior [ RunTime:0.001001s ]
INFO: [ view_filter ] --END-- [ RunTime:0.001001s ]
INFO: [ app_end ] --START--
INFO: Run Behavior\ShowPageTraceBehavior [ RunTime:0.001500s ]
INFO: [ app_end ] --END-- [ RunTime:0.001500s ]

[ 2015-08-19T09:55:43+08:00 ] 127.0.0.1 /Admin/cate/assets/i/favicon.png
INFO: [ app_init ] --START--
INFO: Run Behavior\BuildLiteBehavior [ RunTime:0.000501s ]
INFO: [ app_init ] --END-- [ RunTime:0.001001s ]

[ 2015-08-19T09:55:43+08:00 ] 127.0.0.1 /Admin/cate/assets/i/favicon.png
INFO: [ app_init ] --START--
INFO: Run Behavior\BuildLiteBehavior [ RunTime:0.000000s ]
INFO: [ app_init ] --END-- [ RunTime:0.001000s ]

[ 2015-08-19T09:56:25+08:00 ] 127.0.0.1 /Admin/index/index
INFO: [ app_init ] --START--
INFO: Run Behavior\BuildLiteBehavior [ RunTime:0.000000s ]
INFO: [ app_init ] --END-- [ RunTime:0.000500s ]
INFO: [ app_begin ] --START--
INFO: Run Behavior\ReadHtmlCacheBehavior [ RunTime:0.001001s ]
INFO: [ app_begin ] --END-- [ RunTime:0.001001s ]
ERR: 非法操作:index

[ 2015-08-19T09:56:26+08:00 ] 127.0.0.1 /Admin/index/index
INFO: [ app_init ] --START--
INFO: Run Behavior\BuildLiteBehavior [ RunTime:0.000500s ]
INFO: [ app_init ] --END-- [ RunTime:0.001000s ]
INFO: [ app_begin ] --START--
INFO: Run Behavior\ReadHtmlCacheBehavior [ RunTime:0.001000s ]
INFO: [ app_begin ] --END-- [ RunTime:0.001500s ]
ERR: 非法操作:index

[ 2015-08-19T09:56:27+08:00 ] 127.0.0.1 /Admin/index/index
INFO: [ app_init ] --START--
INFO: Run Behavior\BuildLiteBehavior [ RunTime:0.000000s ]
INFO: [ app_init ] --END-- [ RunTime:0.001000s ]
INFO: [ app_begin ] --START--
INFO: Run Behavior\ReadHtmlCacheBehavior [ RunTime:0.001001s ]
INFO: [ app_begin ] --END-- [ RunTime:0.001001s ]
ERR: 非法操作:index

[ 2015-08-19T09:56:27+08:00 ] 127.0.0.1 /Admin/index/index
INFO: [ app_init ] --START--
INFO: Run Behavior\BuildLiteBehavior [ RunTime:0.000000s ]
INFO: [ app_init ] --END-- [ RunTime:0.001000s ]
INFO: [ app_begin ] --START--
INFO: Run Behavior\ReadHtmlCacheBehavior [ RunTime:0.001000s ]
INFO: [ app_begin ] --END-- [ RunTime:0.002000s ]
ERR: 非法操作:index

[ 2015-08-19T09:57:02+08:00 ] 127.0.0.1 /Admin/index/index
INFO: [ app_init ] --START--
INFO: Run Behavior\BuildLiteBehavior [ RunTime:0.000000s ]
INFO: [ app_init ] --END-- [ RunTime:0.001000s ]
INFO: [ app_begin ] --START--
INFO: Run Behavior\ReadHtmlCacheBehavior [ RunTime:0.001000s ]
INFO: [ app_begin ] --END-- [ RunTime:0.001500s ]
SQL: SHOW COLUMNS FROM `tp_item` [ RunTime:0.0050s ]
SQL: SHOW COLUMNS FROM `tp_comment` [ RunTime:0.0060s ]
SQL: SHOW COLUMNS FROM `tp_user` [ RunTime:0.0050s ]
SQL: SELECT COUNT(*) AS tp_count FROM `tp_item` LIMIT 1   [ RunTime:0.0005s ]
SQL: SELECT COUNT(*) AS tp_count FROM `tp_comment` LIMIT 1   [ RunTime:0.0005s ]
SQL: SELECT COUNT(*) AS tp_count FROM `tp_user` LIMIT 1   [ RunTime:0.0005s ]
SQL: SELECT * FROM `tp_item` ORDER BY id desc LIMIT 5   [ RunTime:0.0005s ]
SQL: SELECT tp_comment.*,i.title FROM `tp_comment`  LEFT JOIN tp_item i ON tp_comment.itemId=i.id  ORDER BY tp_comment.id desc LIMIT 5   [ RunTime:0.0005s ]
SQL: SELECT * FROM `tp_user` ORDER BY loginTimes desc LIMIT 8   [ RunTime:0.0005s ]
INFO: [ view_parse ] --START--
INFO: [ template_filter ] --START--
INFO: Run Behavior\ContentReplaceBehavior [ RunTime:0.000000s ]
INFO: [ template_filter ] --END-- [ RunTime:0.000000s ]
INFO: Run Behavior\ParseTemplateBehavior [ RunTime:0.020002s ]
INFO: [ view_parse ] --END-- [ RunTime:0.020002s ]
INFO: [ view_filter ] --START--
INFO: Run Behavior\WriteHtmlCacheBehavior [ RunTime:0.001000s ]
INFO: [ view_filter ] --END-- [ RunTime:0.001000s ]
INFO: [ app_end ] --START--
INFO: Run Behavior\ShowPageTraceBehavior [ RunTime:0.001000s ]
INFO: [ app_end ] --END-- [ RunTime:0.001500s ]

[ 2015-08-19T09:57:02+08:00 ] 127.0.0.1 /Admin/index/assets/i/favicon.png
INFO: [ app_init ] --START--
INFO: Run Behavior\BuildLiteBehavior [ RunTime:0.000000s ]
INFO: [ app_init ] --END-- [ RunTime:0.000500s ]

[ 2015-08-19T09:57:02+08:00 ] 127.0.0.1 /Admin/index/assets/i/favicon.png
INFO: [ app_init ] --START--
INFO: Run Behavior\BuildLiteBehavior [ RunTime:0.000000s ]
INFO: [ app_init ] --END-- [ RunTime:0.000500s ]

[ 2015-08-19T09:58:48+08:00 ] 127.0.0.1 /Admin/index/index
INFO: [ app_init ] --START--
INFO: Run Behavior\BuildLiteBehavior [ RunTime:0.000000s ]
INFO: [ app_init ] --END-- [ RunTime:0.001000s ]
INFO: [ app_begin ] --START--
INFO: Run Behavior\ReadHtmlCacheBehavior [ RunTime:0.001000s ]
INFO: [ app_begin ] --END-- [ RunTime:0.001000s ]
SQL: SHOW COLUMNS FROM `tp_item` [ RunTime:0.0050s ]
SQL: SHOW COLUMNS FROM `tp_comment` [ RunTime:0.0050s ]
SQL: SHOW COLUMNS FROM `tp_user` [ RunTime:0.0050s ]
SQL: SELECT COUNT(*) AS tp_count FROM `tp_item` LIMIT 1   [ RunTime:0.0005s ]
SQL: SELECT COUNT(*) AS tp_count FROM `tp_comment` LIMIT 1   [ RunTime:0.0005s ]
SQL: SELECT COUNT(*) AS tp_count FROM `tp_user` LIMIT 1   [ RunTime:0.0000s ]
SQL: SELECT * FROM `tp_item` ORDER BY id desc LIMIT 5   [ RunTime:0.0005s ]
SQL: SELECT tp_comment.*,i.title FROM `tp_comment`  LEFT JOIN tp_item i ON tp_comment.itemId=i.id  ORDER BY tp_comment.id desc LIMIT 5   [ RunTime:0.0005s ]
SQL: SELECT * FROM `tp_user` ORDER BY loginTimes desc LIMIT 8   [ RunTime:0.0005s ]
INFO: [ view_parse ] --START--
INFO: [ template_filter ] --START--
INFO: Run Behavior\ContentReplaceBehavior [ RunTime:0.000500s ]
INFO: [ template_filter ] --END-- [ RunTime:0.000500s ]
INFO: Run Behavior\ParseTemplateBehavior [ RunTime:0.021003s ]
INFO: [ view_parse ] --END-- [ RunTime:0.021503s ]
INFO: [ view_filter ] --START--
INFO: Run Behavior\WriteHtmlCacheBehavior [ RunTime:0.000500s ]
INFO: [ view_filter ] --END-- [ RunTime:0.000500s ]
INFO: [ app_end ] --START--
INFO: Run Behavior\ShowPageTraceBehavior [ RunTime:0.001500s ]
INFO: [ app_end ] --END-- [ RunTime:0.001500s ]

[ 2015-08-19T09:58:49+08:00 ] 127.0.0.1 /Admin/cate/all
INFO: [ app_init ] --START--
INFO: Run Behavior\BuildLiteBehavior [ RunTime:0.000000s ]
INFO: [ app_init ] --END-- [ RunTime:0.001001s ]
INFO: [ app_begin ] --START--
INFO: Run Behavior\ReadHtmlCacheBehavior [ RunTime:0.001000s ]
INFO: [ app_begin ] --END-- [ RunTime:0.001000s ]
NOTIC: [2048] Declaration of Admin\Logic\CateLogic::delete() should be compatible with Think\Model::delete($options = Array) D:\360\www2\xianyu\Application\Admin\Logic\CateLogic.class.php 第 4 行.
NOTIC: [2048] Declaration of Admin\Logic\CateLogic::find() should be compatible with Think\Model::find($options = Array) D:\360\www2\xianyu\Application\Admin\Logic\CateLogic.class.php 第 4 行.
SQL: SHOW COLUMNS FROM `tp_cate` [ RunTime:0.0055s ]
SQL: SHOW COLUMNS FROM `tp_cate` [ RunTime:0.0050s ]
SQL: SELECT * FROM `tp_cate` WHERE ( tid=0 )  [ RunTime:0.0010s ]
SQL: SELECT * FROM `tp_cate` WHERE ( tid=1 )  [ RunTime:0.0005s ]
NOTIC: [8] Undefined variable: count D:\360\www2\xianyu\Application\Admin\Logic\CateLogic.class.php 第 18 行.
SQL: SELECT * FROM `tp_cate` WHERE ( tid=2 )  [ RunTime:0.0000s ]
SQL: SELECT * FROM `tp_cate` WHERE ( tid=3 )  [ RunTime:0.0005s ]
SQL: SELECT * FROM `tp_cate` WHERE ( tid=5 )  [ RunTime:0.0005s ]
SQL: SELECT * FROM `tp_cate` WHERE ( tid=9 )  [ RunTime:0.0005s ]
SQL: SELECT * FROM `tp_cate` WHERE ( tid=10 )  [ RunTime:0.0005s ]
SQL: SELECT * FROM `tp_cate` WHERE ( tid=17 )  [ RunTime:0.0005s ]
SQL: SELECT * FROM `tp_cate` WHERE ( tid=31 )  [ RunTime:0.0005s ]
INFO: [ view_parse ] --START--
INFO: [ template_filter ] --START--
INFO: Run Behavior\ContentReplaceBehavior [ RunTime:0.000000s ]
INFO: [ template_filter ] --END-- [ RunTime:0.000000s ]
NOTIC: [8] Undefined variable: pageBar D:\360\www2\xianyu\Runtime\Cache\Admin\03307506721e8bbfb8d5fcfe621c1fe3.php 第 169 行.
INFO: Run Behavior\ParseTemplateBehavior [ RunTime:0.023003s ]
INFO: [ view_parse ] --END-- [ RunTime:0.023503s ]
INFO: [ view_filter ] --START--
INFO: Run Behavior\WriteHtmlCacheBehavior [ RunTime:0.000500s ]
INFO: [ view_filter ] --END-- [ RunTime:0.001000s ]
INFO: [ app_end ] --START--
INFO: Run Behavior\ShowPageTraceBehavior [ RunTime:0.001000s ]
INFO: [ app_end ] --END-- [ RunTime:0.001500s ]

[ 2015-08-19T09:59:07+08:00 ] 127.0.0.1 /Admin/cate/all
INFO: [ app_init ] --START--
INFO: Run Behavior\BuildLiteBehavior [ RunTime:0.000000s ]
INFO: [ app_init ] --END-- [ RunTime:0.000500s ]
INFO: [ app_begin ] --START--
INFO: Run Behavior\ReadHtmlCacheBehavior [ RunTime:0.001000s ]
INFO: [ app_begin ] --END-- [ RunTime:0.001500s ]
NOTIC: [2048] Declaration of Admin\Logic\CateLogic::delete() should be compatible with Think\Model::delete($options = Array) D:\360\www2\xianyu\Application\Admin\Logic\CateLogic.class.php 第 4 行.
NOTIC: [2048] Declaration of Admin\Logic\CateLogic::find() should be compatible with Think\Model::find($options = Array) D:\360\www2\xianyu\Application\Admin\Logic\CateLogic.class.php 第 4 行.
SQL: SHOW COLUMNS FROM `tp_cate` [ RunTime:0.0060s ]
SQL: SHOW COLUMNS FROM `tp_cate` [ RunTime:0.0055s ]
SQL: SELECT * FROM `tp_cate` WHERE ( tid=0 )  [ RunTime:0.0005s ]
SQL: SELECT * FROM `tp_cate` WHERE ( tid=1 )  [ RunTime:0.0005s ]
NOTIC: [8] Undefined variable: count D:\360\www2\xianyu\Application\Admin\Logic\CateLogic.class.php 第 18 行.
SQL: SELECT * FROM `tp_cate` WHERE ( tid=2 )  [ RunTime:0.0300s ]
SQL: SELECT * FROM `tp_cate` WHERE ( tid=3 )  [ RunTime:0.0005s ]
SQL: SELECT * FROM `tp_cate` WHERE ( tid=5 )  [ RunTime:0.0005s ]
SQL: SELECT * FROM `tp_cate` WHERE ( tid=9 )  [ RunTime:0.0005s ]
SQL: SELECT * FROM `tp_cate` WHERE ( tid=10 )  [ RunTime:0.0005s ]
SQL: SELECT * FROM `tp_cate` WHERE ( tid=17 )  [ RunTime:0.0005s ]
SQL: SELECT * FROM `tp_cate` WHERE ( tid=31 )  [ RunTime:0.0005s ]
INFO: [ view_parse ] --START--
INFO: [ template_filter ] --START--
INFO: Run Behavior\ContentReplaceBehavior [ RunTime:0.000000s ]
INFO: [ template_filter ] --END-- [ RunTime:0.000000s ]
NOTIC: [8] Undefined variable: pageBar D:\360\www2\xianyu\Runtime\Cache\Admin\03307506721e8bbfb8d5fcfe621c1fe3.php 第 169 行.
INFO: Run Behavior\ParseTemplateBehavior [ RunTime:0.023503s ]
INFO: [ view_parse ] --END-- [ RunTime:0.023503s ]
INFO: [ view_filter ] --START--
INFO: Run Behavior\WriteHtmlCacheBehavior [ RunTime:0.001000s ]
INFO: [ view_filter ] --END-- [ RunTime:0.001000s ]
INFO: [ app_end ] --START--
INFO: Run Behavior\ShowPageTraceBehavior [ RunTime:0.001500s ]
INFO: [ app_end ] --END-- [ RunTime:0.001500s ]

