[ 2015-08-10T11:29:25+08:00 ] 127.0.0.1 /api/
INFO: [ app_init ] --START--
INFO: Run Behavior\BuildLiteBehavior [ RunTime:0.000000s ]
INFO: [ app_init ] --END-- [ RunTime:0.001000s ]
INFO: [ app_begin ] --START--
INFO: Run Behavior\ReadHtmlCacheBehavior [ RunTime:0.001500s ]
INFO: [ app_begin ] --END-- [ RunTime:0.001500s ]
INFO: [ view_parse ] --START--
INFO: Run Behavior\ParseTemplateBehavior [ RunTime:0.001000s ]
INFO: [ view_parse ] --END-- [ RunTime:0.001500s ]
INFO: [ view_filter ] --START--
INFO: Run Behavior\WriteHtmlCacheBehavior [ RunTime:0.001000s ]
INFO: [ view_filter ] --END-- [ RunTime:0.001000s ]
INFO: [ app_end ] --START--
INFO: Run Behavior\ShowPageTraceBehavior [ RunTime:0.001500s ]
INFO: [ app_end ] --END-- [ RunTime:0.001500s ]

[ 2015-08-10T11:42:48+08:00 ] 192.168.1.103 /api/user/login
INFO: [ app_init ] --START--
INFO: Run Behavior\BuildLiteBehavior [ RunTime:0.000000s ]
INFO: [ app_init ] --END-- [ RunTime:0.000500s ]
INFO: [ app_begin ] --START--
INFO: Run Behavior\ReadHtmlCacheBehavior [ RunTime:0.001000s ]
INFO: [ app_begin ] --END-- [ RunTime:0.001000s ]
NOTIC: [2048] Declaration of Admin\Logic\UserLogic::delete() should be compatible with Think\Model::delete($options = Array) D:\360\www2\xianyu\Application\Admin\Logic\UserLogic.class.php 第 5 行.
NOTIC: [2048] Declaration of Admin\Logic\UserLogic::find() should be compatible with Think\Model::find($options = Array) D:\360\www2\xianyu\Application\Admin\Logic\UserLogic.class.php 第 5 行.
SQL: SHOW COLUMNS FROM `tp_user` [ RunTime:0.0375s ]
SQL: SHOW COLUMNS FROM `tp_user` [ RunTime:0.0040s ]
SQL: SELECT `uid`,`tel`,`username` FROM `tp_user` WHERE ( `username` = 'tom' OR `tel` = 'tom' ) AND `password` = '8' LIMIT 1   [ RunTime:0.0010s ]
NOTIC: [8] Undefined index: loginTimes D:\360\www2\xianyu\Application\Admin\Logic\UserLogic.class.php 第 39 行.
SQL: UPDATE `tp_user` SET `loginTimes`='1' WHERE ( `username` = 'tom' OR `tel` = 'tom' ) [ RunTime:0.1210s ]
INFO: [ app_end ] --START--
INFO: Run Behavior\ShowPageTraceBehavior [ RunTime:0.001001s ]
INFO: [ app_end ] --END-- [ RunTime:0.002001s ]

[ 2015-08-10T11:44:08+08:00 ] 192.168.1.103 /api/user/login
INFO: [ app_init ] --START--
INFO: Run Behavior\BuildLiteBehavior [ RunTime:0.000000s ]
INFO: [ app_init ] --END-- [ RunTime:0.001500s ]
INFO: [ app_begin ] --START--
INFO: Run Behavior\ReadHtmlCacheBehavior [ RunTime:0.002001s ]
INFO: [ app_begin ] --END-- [ RunTime:0.002501s ]
NOTIC: [2048] Declaration of Admin\Logic\UserLogic::delete() should be compatible with Think\Model::delete($options = Array) D:\360\www2\xianyu\Application\Admin\Logic\UserLogic.class.php 第 5 行.
NOTIC: [2048] Declaration of Admin\Logic\UserLogic::find() should be compatible with Think\Model::find($options = Array) D:\360\www2\xianyu\Application\Admin\Logic\UserLogic.class.php 第 5 行.
SQL: SHOW COLUMNS FROM `tp_user` [ RunTime:0.0050s ]
SQL: SHOW COLUMNS FROM `tp_user` [ RunTime:0.0040s ]
SQL: SELECT `uid`,`tel`,`username` FROM `tp_user` WHERE ( `username` = 'tom' OR `tel` = 'tom' ) AND `password` = '8' LIMIT 1   [ RunTime:0.0010s ]
NOTIC: [8] Undefined index: loginTimes D:\360\www2\xianyu\Application\Admin\Logic\UserLogic.class.php 第 39 行.
SQL: UPDATE `tp_user` SET `loginTimes`='1' WHERE ( `username` = 'tom' OR `tel` = 'tom' ) [ RunTime:0.1200s ]
INFO: [ app_end ] --START--
INFO: Run Behavior\ShowPageTraceBehavior [ RunTime:0.001000s ]
INFO: [ app_end ] --END-- [ RunTime:0.001000s ]

[ 2015-08-10T11:50:35+08:00 ] 192.168.1.103 /api/user/login
INFO: [ app_init ] --START--
INFO: Run Behavior\BuildLiteBehavior [ RunTime:0.000000s ]
INFO: [ app_init ] --END-- [ RunTime:0.001000s ]
INFO: [ app_begin ] --START--
INFO: Run Behavior\ReadHtmlCacheBehavior [ RunTime:0.001500s ]
INFO: [ app_begin ] --END-- [ RunTime:0.001500s ]
NOTIC: [2048] Declaration of Admin\Logic\UserLogic::delete() should be compatible with Think\Model::delete($options = Array) D:\360\www2\xianyu\Application\Admin\Logic\UserLogic.class.php 第 5 行.
NOTIC: [2048] Declaration of Admin\Logic\UserLogic::find() should be compatible with Think\Model::find($options = Array) D:\360\www2\xianyu\Application\Admin\Logic\UserLogic.class.php 第 5 行.
SQL: SHOW COLUMNS FROM `tp_user` [ RunTime:0.0050s ]
SQL: SHOW COLUMNS FROM `tp_user` [ RunTime:0.0045s ]
SQL: SELECT `uid`,`tel`,`username` FROM `tp_user` WHERE ( `username` = 'tom' OR `tel` = 'tom' ) AND `password` = '8' LIMIT 1   [ RunTime:0.0005s ]
NOTIC: [8] Undefined index: loginTimes D:\360\www2\xianyu\Application\Admin\Logic\UserLogic.class.php 第 39 行.
SQL: UPDATE `tp_user` SET `loginTimes`='1' WHERE ( `username` = 'tom' OR `tel` = 'tom' ) [ RunTime:0.1080s ]
INFO: [ app_end ] --START--
INFO: Run Behavior\ShowPageTraceBehavior [ RunTime:0.002001s ]
INFO: [ app_end ] --END-- [ RunTime:0.002001s ]

[ 2015-08-10T11:51:50+08:00 ] 192.168.1.103 /api/user/login
INFO: [ app_init ] --START--
INFO: Run Behavior\BuildLiteBehavior [ RunTime:0.000000s ]
INFO: [ app_init ] --END-- [ RunTime:0.001000s ]
INFO: [ app_begin ] --START--
INFO: Run Behavior\ReadHtmlCacheBehavior [ RunTime:0.001000s ]
INFO: [ app_begin ] --END-- [ RunTime:0.001500s ]
NOTIC: [2048] Declaration of Admin\Logic\UserLogic::delete() should be compatible with Think\Model::delete($options = Array) D:\360\www2\xianyu\Application\Admin\Logic\UserLogic.class.php 第 5 行.
NOTIC: [2048] Declaration of Admin\Logic\UserLogic::find() should be compatible with Think\Model::find($options = Array) D:\360\www2\xianyu\Application\Admin\Logic\UserLogic.class.php 第 5 行.
SQL: SHOW COLUMNS FROM `tp_user` [ RunTime:0.0050s ]
SQL: SHOW COLUMNS FROM `tp_user` [ RunTime:0.0040s ]
SQL: SELECT `uid`,`tel`,`username` FROM `tp_user` WHERE ( `username` = 'tom' OR `tel` = 'tom' ) AND `password` = '8' LIMIT 1   [ RunTime:0.0005s ]
NOTIC: [8] Undefined index: loginTimes D:\360\www2\xianyu\Application\Admin\Logic\UserLogic.class.php 第 39 行.
SQL: UPDATE `tp_user` SET `loginTimes`='1' WHERE ( `username` = 'tom' OR `tel` = 'tom' ) [ RunTime:0.1090s ]
INFO: [ app_end ] --START--
INFO: Run Behavior\ShowPageTraceBehavior [ RunTime:0.001001s ]
INFO: [ app_end ] --END-- [ RunTime:0.001501s ]

[ 2015-08-10T11:56:11+08:00 ] 192.168.1.103 /api/user/login
INFO: [ app_init ] --START--
INFO: Run Behavior\BuildLiteBehavior [ RunTime:0.000000s ]
INFO: [ app_init ] --END-- [ RunTime:0.001000s ]
INFO: [ app_begin ] --START--
INFO: Run Behavior\ReadHtmlCacheBehavior [ RunTime:0.002000s ]
INFO: [ app_begin ] --END-- [ RunTime:0.002000s ]
NOTIC: [2048] Declaration of Admin\Logic\UserLogic::delete() should be compatible with Think\Model::delete($options = Array) D:\360\www2\xianyu\Application\Admin\Logic\UserLogic.class.php 第 5 行.
NOTIC: [2048] Declaration of Admin\Logic\UserLogic::find() should be compatible with Think\Model::find($options = Array) D:\360\www2\xianyu\Application\Admin\Logic\UserLogic.class.php 第 5 行.
SQL: SHOW COLUMNS FROM `tp_user` [ RunTime:0.0055s ]
SQL: SHOW COLUMNS FROM `tp_user` [ RunTime:0.0060s ]
SQL: SELECT `uid`,`tel`,`username` FROM `tp_user` WHERE ( `username` = 'tom' OR `tel` = 'tom' ) AND `password` = '8' LIMIT 1   [ RunTime:0.0005s ]
NOTIC: [8] Undefined index: loginTimes D:\360\www2\xianyu\Application\Admin\Logic\UserLogic.class.php 第 39 行.
SQL: UPDATE `tp_user` SET `loginTimes`='1' WHERE ( `username` = 'tom' OR `tel` = 'tom' ) [ RunTime:0.1120s ]
INFO: [ app_end ] --START--
INFO: Run Behavior\ShowPageTraceBehavior [ RunTime:0.001501s ]
INFO: [ app_end ] --END-- [ RunTime:0.001501s ]

[ 2015-08-10T16:40:32+08:00 ] 192.168.1.103 /api/user/reg
INFO: [ app_init ] --START--
INFO: Run Behavior\BuildLiteBehavior [ RunTime:0.000000s ]
INFO: [ app_init ] --END-- [ RunTime:0.001500s ]
INFO: [ app_begin ] --START--
INFO: Run Behavior\ReadHtmlCacheBehavior [ RunTime:0.002001s ]
INFO: [ app_begin ] --END-- [ RunTime:0.002501s ]
NOTIC: [2048] Declaration of Admin\Logic\UserLogic::delete() should be compatible with Think\Model::delete($options = Array) D:\360\www2\xianyu\Application\Admin\Logic\UserLogic.class.php 第 5 行.
NOTIC: [2048] Declaration of Admin\Logic\UserLogic::find() should be compatible with Think\Model::find($options = Array) D:\360\www2\xianyu\Application\Admin\Logic\UserLogic.class.php 第 5 行.
SQL: SHOW COLUMNS FROM `tp_user` [ RunTime:0.0055s ]
SQL: SHOW COLUMNS FROM `tp_user` [ RunTime:0.0065s ]
SQL: SELECT COUNT(*) AS tp_count FROM `tp_user` WHERE `username` = '' LIMIT 1   [ RunTime:0.0015s ]
SQL: SELECT COUNT(*) AS tp_count FROM `tp_user` WHERE `tel` = '' LIMIT 1   [ RunTime:0.0005s ]
INFO: [ app_end ] --START--
INFO: Run Behavior\ShowPageTraceBehavior [ RunTime:0.002500s ]
INFO: [ app_end ] --END-- [ RunTime:0.002500s ]

[ 2015-08-10T16:40:51+08:00 ] 192.168.1.103 /api/user/reg
INFO: [ app_init ] --START--
INFO: Run Behavior\BuildLiteBehavior [ RunTime:0.000000s ]
INFO: [ app_init ] --END-- [ RunTime:0.000500s ]
INFO: [ app_begin ] --START--
INFO: Run Behavior\ReadHtmlCacheBehavior [ RunTime:0.001500s ]
INFO: [ app_begin ] --END-- [ RunTime:0.001500s ]
NOTIC: [2048] Declaration of Admin\Logic\UserLogic::delete() should be compatible with Think\Model::delete($options = Array) D:\360\www2\xianyu\Application\Admin\Logic\UserLogic.class.php 第 5 行.
NOTIC: [2048] Declaration of Admin\Logic\UserLogic::find() should be compatible with Think\Model::find($options = Array) D:\360\www2\xianyu\Application\Admin\Logic\UserLogic.class.php 第 5 行.
SQL: SHOW COLUMNS FROM `tp_user` [ RunTime:0.0040s ]
SQL: SHOW COLUMNS FROM `tp_user` [ RunTime:0.0040s ]
SQL: SELECT COUNT(*) AS tp_count FROM `tp_user` WHERE `username` = '' LIMIT 1   [ RunTime:0.0000s ]
SQL: SELECT COUNT(*) AS tp_count FROM `tp_user` WHERE `tel` = '' LIMIT 1   [ RunTime:0.0005s ]
INFO: [ app_end ] --START--
INFO: Run Behavior\ShowPageTraceBehavior [ RunTime:0.001000s ]
INFO: [ app_end ] --END-- [ RunTime:0.001500s ]

[ 2015-08-10T16:40:59+08:00 ] 192.168.1.103 /api/user/reg
INFO: [ app_init ] --START--
INFO: Run Behavior\BuildLiteBehavior [ RunTime:0.000000s ]
INFO: [ app_init ] --END-- [ RunTime:0.001000s ]
INFO: [ app_begin ] --START--
INFO: Run Behavior\ReadHtmlCacheBehavior [ RunTime:0.002000s ]
INFO: [ app_begin ] --END-- [ RunTime:0.002000s ]
NOTIC: [2048] Declaration of Admin\Logic\UserLogic::delete() should be compatible with Think\Model::delete($options = Array) D:\360\www2\xianyu\Application\Admin\Logic\UserLogic.class.php 第 5 行.
NOTIC: [2048] Declaration of Admin\Logic\UserLogic::find() should be compatible with Think\Model::find($options = Array) D:\360\www2\xianyu\Application\Admin\Logic\UserLogic.class.php 第 5 行.
SQL: SHOW COLUMNS FROM `tp_user` [ RunTime:0.0045s ]
SQL: SHOW COLUMNS FROM `tp_user` [ RunTime:0.0050s ]
SQL: SELECT COUNT(*) AS tp_count FROM `tp_user` WHERE `username` = '' LIMIT 1   [ RunTime:0.0005s ]
SQL: SELECT COUNT(*) AS tp_count FROM `tp_user` WHERE `tel` = '' LIMIT 1   [ RunTime:0.0005s ]
INFO: [ app_end ] --START--
INFO: Run Behavior\ShowPageTraceBehavior [ RunTime:0.001000s ]
INFO: [ app_end ] --END-- [ RunTime:0.001000s ]

[ 2015-08-10T16:41:06+08:00 ] 192.168.1.103 /api/user/reg
INFO: [ app_init ] --START--
INFO: Run Behavior\BuildLiteBehavior [ RunTime:0.000000s ]
INFO: [ app_init ] --END-- [ RunTime:0.001000s ]
INFO: [ app_begin ] --START--
INFO: Run Behavior\ReadHtmlCacheBehavior [ RunTime:0.001500s ]
INFO: [ app_begin ] --END-- [ RunTime:0.002500s ]
NOTIC: [2048] Declaration of Admin\Logic\UserLogic::delete() should be compatible with Think\Model::delete($options = Array) D:\360\www2\xianyu\Application\Admin\Logic\UserLogic.class.php 第 5 行.
NOTIC: [2048] Declaration of Admin\Logic\UserLogic::find() should be compatible with Think\Model::find($options = Array) D:\360\www2\xianyu\Application\Admin\Logic\UserLogic.class.php 第 5 行.
SQL: SHOW COLUMNS FROM `tp_user` [ RunTime:0.0050s ]
SQL: SHOW COLUMNS FROM `tp_user` [ RunTime:0.0040s ]
SQL: SELECT COUNT(*) AS tp_count FROM `tp_user` WHERE `username` = '' LIMIT 1   [ RunTime:0.0005s ]
SQL: SELECT COUNT(*) AS tp_count FROM `tp_user` WHERE `tel` = '' LIMIT 1   [ RunTime:0.0005s ]
INFO: [ app_end ] --START--
INFO: Run Behavior\ShowPageTraceBehavior [ RunTime:0.001501s ]
INFO: [ app_end ] --END-- [ RunTime:0.001501s ]

[ 2015-08-10T16:42:15+08:00 ] 192.168.1.103 /api/user/reg
INFO: [ app_init ] --START--
INFO: Run Behavior\BuildLiteBehavior [ RunTime:0.000000s ]
INFO: [ app_init ] --END-- [ RunTime:0.001000s ]
INFO: [ app_begin ] --START--
INFO: Run Behavior\ReadHtmlCacheBehavior [ RunTime:0.001000s ]
INFO: [ app_begin ] --END-- [ RunTime:0.002000s ]
NOTIC: [2048] Declaration of Admin\Logic\UserLogic::delete() should be compatible with Think\Model::delete($options = Array) D:\360\www2\xianyu\Application\Admin\Logic\UserLogic.class.php 第 5 行.
NOTIC: [2048] Declaration of Admin\Logic\UserLogic::find() should be compatible with Think\Model::find($options = Array) D:\360\www2\xianyu\Application\Admin\Logic\UserLogic.class.php 第 5 行.
SQL: SHOW COLUMNS FROM `tp_user` [ RunTime:0.0070s ]
SQL: SHOW COLUMNS FROM `tp_user` [ RunTime:0.0070s ]
SQL: SELECT COUNT(*) AS tp_count FROM `tp_user` WHERE `username` = '' LIMIT 1   [ RunTime:0.0010s ]
SQL: SELECT COUNT(*) AS tp_count FROM `tp_user` WHERE `tel` = '' LIMIT 1   [ RunTime:0.0005s ]
INFO: [ app_end ] --START--
INFO: Run Behavior\ShowPageTraceBehavior [ RunTime:0.001000s ]
INFO: [ app_end ] --END-- [ RunTime:0.001000s ]

[ 2015-08-10T16:45:11+08:00 ] 192.168.1.103 /api/user/reg
INFO: [ app_init ] --START--
INFO: Run Behavior\BuildLiteBehavior [ RunTime:0.000000s ]
INFO: [ app_init ] --END-- [ RunTime:0.001500s ]
INFO: [ app_begin ] --START--
INFO: Run Behavior\ReadHtmlCacheBehavior [ RunTime:0.002000s ]
INFO: [ app_begin ] --END-- [ RunTime:0.002500s ]
NOTIC: [2048] Declaration of Admin\Logic\UserLogic::delete() should be compatible with Think\Model::delete($options = Array) D:\360\www2\xianyu\Application\Admin\Logic\UserLogic.class.php 第 5 行.
NOTIC: [2048] Declaration of Admin\Logic\UserLogic::find() should be compatible with Think\Model::find($options = Array) D:\360\www2\xianyu\Application\Admin\Logic\UserLogic.class.php 第 5 行.
SQL: SHOW COLUMNS FROM `tp_user` [ RunTime:0.0050s ]
SQL: SHOW COLUMNS FROM `tp_user` [ RunTime:0.0060s ]
SQL: SELECT COUNT(*) AS tp_count FROM `tp_user` WHERE `username` = 'xiaoming' LIMIT 1   [ RunTime:0.0010s ]
INFO: [ app_end ] --START--
INFO: Run Behavior\ShowPageTraceBehavior [ RunTime:0.001500s ]
INFO: [ app_end ] --END-- [ RunTime:0.002000s ]

[ 2015-08-10T16:45:34+08:00 ] 192.168.1.103 /api/user/reg
INFO: [ app_init ] --START--
INFO: Run Behavior\BuildLiteBehavior [ RunTime:0.000000s ]
INFO: [ app_init ] --END-- [ RunTime:0.000500s ]
INFO: [ app_begin ] --START--
INFO: Run Behavior\ReadHtmlCacheBehavior [ RunTime:0.000500s ]
INFO: [ app_begin ] --END-- [ RunTime:0.001000s ]
NOTIC: [2048] Declaration of Admin\Logic\UserLogic::delete() should be compatible with Think\Model::delete($options = Array) D:\360\www2\xianyu\Application\Admin\Logic\UserLogic.class.php 第 5 行.
NOTIC: [2048] Declaration of Admin\Logic\UserLogic::find() should be compatible with Think\Model::find($options = Array) D:\360\www2\xianyu\Application\Admin\Logic\UserLogic.class.php 第 5 行.
SQL: SHOW COLUMNS FROM `tp_user` [ RunTime:0.0050s ]
SQL: SHOW COLUMNS FROM `tp_user` [ RunTime:0.0045s ]
SQL: SELECT COUNT(*) AS tp_count FROM `tp_user` WHERE `username` = 'xiaoming1' LIMIT 1   [ RunTime:0.0005s ]
SQL: SELECT COUNT(*) AS tp_count FROM `tp_user` WHERE `tel` = '18999999999' LIMIT 1   [ RunTime:0.0005s ]
SQL: SHOW COLUMNS FROM `tp_user` [ RunTime:0.0045s ]
SQL: INSERT INTO `tp_user` (`password`,`tel`,`username`,`created`) VALUES ('888888','18999999999','xiaoming1','1439196334') [ RunTime:0.1020s ]
INFO: [ app_end ] --START--
INFO: Run Behavior\ShowPageTraceBehavior [ RunTime:0.002001s ]
INFO: [ app_end ] --END-- [ RunTime:0.002001s ]

[ 2015-08-10T16:46:24+08:00 ] 192.168.1.103 /api/user/reg
INFO: [ app_init ] --START--
INFO: Run Behavior\BuildLiteBehavior [ RunTime:0.000000s ]
INFO: [ app_init ] --END-- [ RunTime:0.000500s ]
INFO: [ app_begin ] --START--
INFO: Run Behavior\ReadHtmlCacheBehavior [ RunTime:0.001000s ]
INFO: [ app_begin ] --END-- [ RunTime:0.001500s ]
NOTIC: [2048] Declaration of Admin\Logic\UserLogic::delete() should be compatible with Think\Model::delete($options = Array) D:\360\www2\xianyu\Application\Admin\Logic\UserLogic.class.php 第 5 行.
NOTIC: [2048] Declaration of Admin\Logic\UserLogic::find() should be compatible with Think\Model::find($options = Array) D:\360\www2\xianyu\Application\Admin\Logic\UserLogic.class.php 第 5 行.
SQL: SHOW COLUMNS FROM `tp_user` [ RunTime:0.0045s ]
SQL: SHOW COLUMNS FROM `tp_user` [ RunTime:0.0040s ]
SQL: SELECT COUNT(*) AS tp_count FROM `tp_user` WHERE `username` = 'xiaoming2' LIMIT 1   [ RunTime:0.0005s ]
SQL: SELECT COUNT(*) AS tp_count FROM `tp_user` WHERE `tel` = '18999999999' LIMIT 1   [ RunTime:0.0005s ]
INFO: [ app_end ] --START--
INFO: Run Behavior\ShowPageTraceBehavior [ RunTime:0.001000s ]
INFO: [ app_end ] --END-- [ RunTime:0.001000s ]

